

Microchip MPLAB XC8 Assembler V2.10 build 88905656 
                                                                                               Wed Dec 11 17:53:38 2019

Microchip MPLAB XC8 C Compiler v2.10 (Free license) build 20190730164152 Og1 
     1                           	processor	16F84A
     2                           	opt	pw 120
     3                           	opt	flic
     4                           	psect	cinit,global,class=CODE,merge=1,delta=2
     5                           	psect	cstackBANK0,global,class=BANK0,space=1,delta=1
     6                           	psect	maintext,global,class=CODE,split=1,delta=2
     7                           	dabs	1,0x4E,2
     8  0000                     
     9                           ; Version 2.10
    10                           ; Generated 31/07/2019 GMT
    11                           ; 
    12                           ; Copyright © 2019, Microchip Technology Inc. and its subsidiaries ("Microchip")
    13                           ; All rights reserved.
    14                           ; 
    15                           ; This software is developed by Microchip Technology Inc. and its subsidiaries ("Microch
      +                          ip").
    16                           ; 
    17                           ; Redistribution and use in source and binary forms, with or without modification, are
    18                           ; permitted provided that the following conditions are met:
    19                           ; 
    20                           ;     1. Redistributions of source code must retain the above copyright notice, this lis
      +                          t of
    21                           ;        conditions and the following disclaimer.
    22                           ; 
    23                           ;     2. Redistributions in binary form must reproduce the above copyright notice, this 
      +                          list
    24                           ;        of conditions and the following disclaimer in the documentation and/or other
    25                           ;        materials provided with the distribution.
    26                           ; 
    27                           ;     3. Microchip's name may not be used to endorse or promote products derived from th
      +                          is
    28                           ;        software without specific prior written permission.
    29                           ; 
    30                           ; THIS SOFTWARE IS PROVIDED BY MICROCHIP "AS IS" AND ANY EXPRESS OR IMPLIED WARRANTIES,
    31                           ; INCLUDING, BUT NOT LIMITED TO, THE IMPLIED WARRANTIES OF MERCHANTABILITY AND FITNESS F
      +                          OR
    32                           ; PURPOSE ARE DISCLAIMED.  IN NO EVENT SHALL MICROCHIP BE LIABLE FOR ANY DIRECT, INDIREC
      +                          T,
    33                           ; INCIDENTAL, SPECIAL, EXEMPLARY, OR CONSEQUENTIAL DAMAGES (INCLUDING BUT NOT LIMITED TO
    34                           ; PROCUREMENT OF SUBSTITUTE GOODS OR SERVICES; LOSS OF USE, DATA OR PROFITS; OR BUSINESS
    35                           ; INTERRUPTION) HOWSOEVER CAUSED AND ON ANY THEORY OF LIABILITY, WHETHER IN CONTRACT, ST
      +                          RICT
    36                           ; LIABILITY, OR TORT (INCLUDING NEGLIGENCE OR OTHERWISE) ARISING IN ANY WAY OUT OF THE U
      +                          SE OF
    37                           ; THIS SOFTWARE, EVEN IF ADVISED OF THE POSSIBILITY OF SUCH DAMAGE.
    38                           ; 
    39                           ; 
    40                           ; Code-generator required, PIC16F84A Definitions
    41                           ; 
    42                           ; SFR Addresses
    43  0000                     	;# 
    44  0001                     	;# 
    45  0002                     	;# 
    46  0003                     	;# 
    47  0004                     	;# 
    48  0005                     	;# 
    49  0006                     	;# 
    50  0008                     	;# 
    51  0009                     	;# 
    52  000A                     	;# 
    53  000B                     	;# 
    54  0081                     	;# 
    55  0085                     	;# 
    56  0086                     	;# 
    57  0088                     	;# 
    58  0089                     	;# 
    59  0000                     	;# 
    60  0001                     	;# 
    61  0002                     	;# 
    62  0003                     	;# 
    63  0004                     	;# 
    64  0005                     	;# 
    65  0006                     	;# 
    66  0008                     	;# 
    67  0009                     	;# 
    68  000A                     	;# 
    69  000B                     	;# 
    70  0081                     	;# 
    71  0085                     	;# 
    72  0086                     	;# 
    73  0088                     	;# 
    74  0089                     	;# 
    75  0006                     _PORTB	set	6
    76  0086                     _TRISB	set	134
    77                           
    78                           	psect	cinit
    79  03FE                     start_initialization:	
    80                           ; #config settings
    81                           
    82  03FE                     __initialization:	
    83  03FE                     end_of_initialization:	
    84                           ;End of C runtime variable initialization code
    85                           
    86  03FE                     __end_of__initialization:	
    87  03FE  0183               	clrf	3
    88  03FF  2BD9               	ljmp	_main	;jump to C main() function
    89                           
    90                           	psect	cstackBANK0
    91  000C                     __pcstackBANK0:	
    92  000C                     ?_main:	
    93  000C                     main@argc:	
    94                           ; 2 bytes @ 0x0
    95                           
    96                           
    97                           ; 2 bytes @ 0x0
    98  000C                     	ds	2
    99  000E                     main@argv:	
   100                           
   101                           ; 2 bytes @ 0x2
   102  000E                     	ds	2
   103  0010                     ??_main:	
   104                           
   105                           ; 1 bytes @ 0x4
   106  0010                     	ds	3
   107                           
   108                           	psect	maintext
   109  03D9                     __pmaintext:	
   110 ;;
   111 ;;Main: autosize = 0, tempsize = 3, incstack = 0, save=0
   112 ;;
   113 ;; *************** function _main *****************
   114 ;; Defined at:
   115 ;;		line 17 in file "Main.c"
   116 ;; Parameters:    Size  Location     Type
   117 ;;  argc            2    0[BANK0 ] int 
   118 ;;  argv            2    2[BANK0 ] PTR PTR unsigned char 
   119 ;; Auto vars:     Size  Location     Type
   120 ;;		None
   121 ;; Return value:  Size  Location     Type
   122 ;;                  2    0[BANK0 ] int 
   123 ;; Registers used:
   124 ;;		wreg, status,2
   125 ;; Tracked objects:
   126 ;;		On entry : B00/0
   127 ;;		On exit  : 0/0
   128 ;;		Unchanged: 0/0
   129 ;; Data sizes:     COMMON   BANK0
   130 ;;      Params:         0       4
   131 ;;      Locals:         0       0
   132 ;;      Temps:          0       3
   133 ;;      Totals:         0       7
   134 ;;Total ram usage:        7 bytes
   135 ;; This function calls:
   136 ;;		Nothing
   137 ;; This function is called by:
   138 ;;		Startup code after reset
   139 ;; This function uses a non-reentrant model
   140 ;;
   141                           
   142                           
   143                           ;psect for function _main
   144  03D9                     _main:	
   145  03D9                     l614:	
   146                           ;incstack = 0
   147                           ; Regs used in _main: [wreg+status,2]
   148                           
   149                           
   150                           ;Main.c: 18:     TRISB = 0b00000000;
   151  03D9  1683               	bsf	3,5	;RP0=1, select bank1
   152  03DA  0186               	clrf	6	;volatile
   153                           
   154                           ;Main.c: 19:     PORTB = 0b00000000;
   155  03DB  1283               	bcf	3,5	;RP0=0, select bank0
   156  03DC  0186               	clrf	6	;volatile
   157  03DD                     l616:	
   158                           
   159                           ;Main.c: 23:         PORTB = 0b00000001;
   160  03DD  3001               	movlw	1
   161  03DE  1283               	bcf	3,5	;RP0=0, select bank0
   162  03DF  0086               	movwf	6	;volatile
   163  03E0                     l618:	
   164                           
   165                           ;Main.c: 24:         _delay((unsigned long)((1000)*(4000000/4000.0)));
   166  03E0  3006               	movlw	6
   167  03E1  0092               	movwf	??_main+2
   168  03E2  3013               	movlw	19
   169  03E3  0091               	movwf	??_main+1
   170  03E4  30AD               	movlw	173
   171  03E5  0090               	movwf	??_main
   172  03E6                     u17:	
   173  03E6  0B90               	decfsz	??_main,f
   174  03E7  2BE6               	goto	u17
   175  03E8  0B91               	decfsz	??_main+1,f
   176  03E9  2BE6               	goto	u17
   177  03EA  0B92               	decfsz	??_main+2,f
   178  03EB  2BE6               	goto	u17
   179  03EC  2BED               	nop2
   180                           
   181                           ;Main.c: 25:          PORTB = 0b00000000;
   182  03ED  1283               	bcf	3,5	;RP0=0, select bank0
   183  03EE  0186               	clrf	6	;volatile
   184  03EF                     l620:	
   185                           
   186                           ;Main.c: 26:         _delay((unsigned long)((1000)*(4000000/4000.0)));
   187  03EF  3006               	movlw	6
   188  03F0  0092               	movwf	??_main+2
   189  03F1  3013               	movlw	19
   190  03F2  0091               	movwf	??_main+1
   191  03F3  30AD               	movlw	173
   192  03F4  0090               	movwf	??_main
   193  03F5                     u27:	
   194  03F5  0B90               	decfsz	??_main,f
   195  03F6  2BF5               	goto	u27
   196  03F7  0B91               	decfsz	??_main+1,f
   197  03F8  2BF5               	goto	u27
   198  03F9  0B92               	decfsz	??_main+2,f
   199  03FA  2BF5               	goto	u27
   200  03FB  2BFC               	nop2
   201  03FC  2BDD               	goto	l616
   202  03FD  2800               	ljmp	start
   203  03FE                     __end_of_main:	
   204  004E                     btemp	set	78	;btemp
   205  004E                     wtemp0	set	78


Data Sizes:
    Strings     0
    Constant    0
    Data        0
    BSS         0
    Persistent  0
    Stack       0

Auto Spaces:
    Space          Size  Autos    Used
    COMMON            0      0       0
    BANK0            66      7       7

Pointer List with Targets:

    None.

Critical Paths under _main in COMMON

    None.

Critical Paths under _main in BANK0

    None.

Call Graph Tables:

 ---------------------------------------------------------------------------------
 (Depth) Function   	        Calls       Base Space   Used Autos Params    Refs
 ---------------------------------------------------------------------------------
 (0) _main                                                 7     3      4       0
                                              0 BANK0      7     3      4
 ---------------------------------------------------------------------------------
 Estimated maximum stack depth 0
 ---------------------------------------------------------------------------------

 Call Graph Graphs:

 _main (ROOT)

 Address spaces:
Name               Size   Autos  Total    Cost      Usage
BITCOMMON            0      0       0       0        0.0%
EEDATA              40      0       0       0        0.0%
NULL                 0      0       0       0        0.0%
CODE                 0      0       0       0        0.0%
BITSFR0              0      0       0       1        0.0%
SFR0                 0      0       0       1        0.0%
COMMON               0      0       0       1        0.0%
BITSFR1              0      0       0       2        0.0%
SFR1                 0      0       0       2        0.0%
STACK                0      0       0       2        0.0%
BANK0               42      7       7       3       10.6%
ABS                  0      0       0       4        0.0%
BITBANK0            42      0       0       5        0.0%
DATA                 0      0       0       6        0.0%


Microchip Technology PIC Macro Assembler V2.10 build 88905656 
Symbol Table                                                                                   Wed Dec 11 17:53:38 2019

                     u17 03E6                       u27 03F5                      l620 03EF  
                    l614 03D9                      l616 03DD                      l618 03E0  
                   _main 03D9                     btemp 004E                     start 0000  
                  ?_main 000C                    _PORTB 0006                    _TRISB 0086  
                  status 0003                    wtemp0 004E          __initialization 03FE  
           __end_of_main 03FE                   ??_main 0010  __end_of__initialization 03FE  
             __pmaintext 03D9     end_of_initialization 03FE      start_initialization 03FE  
              ___latbits 0000            __pcstackBANK0 000C            __size_of_main 0025  
               main@argc 000C                 main@argv 000E  
