

Microchip MPLAB XC8 Assembler V2.10 build 88905656 
                                                                                               Thu Dec 12 11:15:39 2019

Microchip MPLAB XC8 C Compiler v2.10 (Free license) build 20190730164152 Og1 
     1                           	processor	12F675
     2                           	opt	pw 120
     3                           	opt	flic
     4                           	psect	cinit,global,class=CODE,merge=1,delta=2
     5                           	psect	cstackBANK0,global,class=BANK0,space=1,delta=1
     6                           	psect	maintext,global,class=CODE,split=1,delta=2
     7                           	dabs	1,0x5E,2
     8  0000                     
     9                           ; Version 2.10
    10                           ; Generated 31/07/2019 GMT
    11                           ; 
    12                           ; Copyright © 2019, Microchip Technology Inc. and its subsidiaries ("Microchip")
    13                           ; All rights reserved.
    14                           ; 
    15                           ; This software is developed by Microchip Technology Inc. and its subsidiaries ("Microch
      +                          ip").
    16                           ; 
    17                           ; Redistribution and use in source and binary forms, with or without modification, are
    18                           ; permitted provided that the following conditions are met:
    19                           ; 
    20                           ;     1. Redistributions of source code must retain the above copyright notice, this lis
      +                          t of
    21                           ;        conditions and the following disclaimer.
    22                           ; 
    23                           ;     2. Redistributions in binary form must reproduce the above copyright notice, this 
      +                          list
    24                           ;        of conditions and the following disclaimer in the documentation and/or other
    25                           ;        materials provided with the distribution.
    26                           ; 
    27                           ;     3. Microchip's name may not be used to endorse or promote products derived from th
      +                          is
    28                           ;        software without specific prior written permission.
    29                           ; 
    30                           ; THIS SOFTWARE IS PROVIDED BY MICROCHIP "AS IS" AND ANY EXPRESS OR IMPLIED WARRANTIES,
    31                           ; INCLUDING, BUT NOT LIMITED TO, THE IMPLIED WARRANTIES OF MERCHANTABILITY AND FITNESS F
      +                          OR
    32                           ; PURPOSE ARE DISCLAIMED.  IN NO EVENT SHALL MICROCHIP BE LIABLE FOR ANY DIRECT, INDIREC
      +                          T,
    33                           ; INCIDENTAL, SPECIAL, EXEMPLARY, OR CONSEQUENTIAL DAMAGES (INCLUDING BUT NOT LIMITED TO
    34                           ; PROCUREMENT OF SUBSTITUTE GOODS OR SERVICES; LOSS OF USE, DATA OR PROFITS; OR BUSINESS
    35                           ; INTERRUPTION) HOWSOEVER CAUSED AND ON ANY THEORY OF LIABILITY, WHETHER IN CONTRACT, ST
      +                          RICT
    36                           ; LIABILITY, OR TORT (INCLUDING NEGLIGENCE OR OTHERWISE) ARISING IN ANY WAY OUT OF THE U
      +                          SE OF
    37                           ; THIS SOFTWARE, EVEN IF ADVISED OF THE POSSIBILITY OF SUCH DAMAGE.
    38                           ; 
    39                           ; 
    40                           ; Code-generator required, PIC12F675 Definitions
    41                           ; 
    42                           ; SFR Addresses
    43  0000                     	;# 
    44  0001                     	;# 
    45  0002                     	;# 
    46  0003                     	;# 
    47  0004                     	;# 
    48  0005                     	;# 
    49  000A                     	;# 
    50  000B                     	;# 
    51  000C                     	;# 
    52  000E                     	;# 
    53  000E                     	;# 
    54  000F                     	;# 
    55  0010                     	;# 
    56  0019                     	;# 
    57  001E                     	;# 
    58  001F                     	;# 
    59  0081                     	;# 
    60  0085                     	;# 
    61  008C                     	;# 
    62  008E                     	;# 
    63  0090                     	;# 
    64  0095                     	;# 
    65  0096                     	;# 
    66  0096                     	;# 
    67  0099                     	;# 
    68  009A                     	;# 
    69  009A                     	;# 
    70  009B                     	;# 
    71  009C                     	;# 
    72  009D                     	;# 
    73  009E                     	;# 
    74  009F                     	;# 
    75  0000                     	;# 
    76  0001                     	;# 
    77  0002                     	;# 
    78  0003                     	;# 
    79  0004                     	;# 
    80  0005                     	;# 
    81  000A                     	;# 
    82  000B                     	;# 
    83  000C                     	;# 
    84  000E                     	;# 
    85  000E                     	;# 
    86  000F                     	;# 
    87  0010                     	;# 
    88  0019                     	;# 
    89  001E                     	;# 
    90  001F                     	;# 
    91  0081                     	;# 
    92  0085                     	;# 
    93  008C                     	;# 
    94  008E                     	;# 
    95  0090                     	;# 
    96  0095                     	;# 
    97  0096                     	;# 
    98  0096                     	;# 
    99  0099                     	;# 
   100  009A                     	;# 
   101  009A                     	;# 
   102  009B                     	;# 
   103  009C                     	;# 
   104  009D                     	;# 
   105  009E                     	;# 
   106  009F                     	;# 
   107  0005                     _GPIO	set	5
   108  0019                     _CMCON	set	25
   109  0085                     _TRISIO	set	133
   110  009F                     _ANSEL	set	159
   111                           
   112                           	psect	cinit
   113  03FD                     start_initialization:	
   114                           ; #config settings
   115                           
   116  03FD                     __initialization:	
   117  03FD                     end_of_initialization:	
   118                           ;End of C runtime variable initialization code
   119                           
   120  03FD                     __end_of__initialization:	
   121  03FD  0183               	clrf	3
   122  03FE  2BDA               	ljmp	_main	;jump to C main() function
   123                           
   124                           	psect	cstackBANK0
   125  0020                     __pcstackBANK0:	
   126  0020                     ?_main:	
   127  0020                     ??_main:	
   128                           ; 1 bytes @ 0x0
   129                           
   130                           
   131                           ; 1 bytes @ 0x0
   132  0020                     	ds	2
   133                           
   134                           	psect	maintext
   135  03DA                     __pmaintext:	
   136 ;;
   137 ;;Main: autosize = 0, tempsize = 2, incstack = 0, save=0
   138 ;;
   139 ;; *************** function _main *****************
   140 ;; Defined at:
   141 ;;		line 21 in file "A3.c"
   142 ;; Parameters:    Size  Location     Type
   143 ;;		None
   144 ;; Auto vars:     Size  Location     Type
   145 ;;		None
   146 ;; Return value:  Size  Location     Type
   147 ;;                  1    wreg      void 
   148 ;; Registers used:
   149 ;;		wreg, status,2
   150 ;; Tracked objects:
   151 ;;		On entry : B00/0
   152 ;;		On exit  : 0/0
   153 ;;		Unchanged: 0/0
   154 ;; Data sizes:     COMMON   BANK0
   155 ;;      Params:         0       0
   156 ;;      Locals:         0       0
   157 ;;      Temps:          0       2
   158 ;;      Totals:         0       2
   159 ;;Total ram usage:        2 bytes
   160 ;; This function calls:
   161 ;;		Nothing
   162 ;; This function is called by:
   163 ;;		Startup code after reset
   164 ;; This function uses a non-reentrant model
   165 ;;
   166                           
   167                           
   168                           ;psect for function _main
   169  03DA                     _main:	
   170  03DA                     l626:	
   171                           ;incstack = 0
   172                           ; Regs used in _main: [wreg+status,2]
   173                           
   174                           
   175                           ;A3.c: 22:     ANSEL = 0;
   176  03DA  1683               	bsf	3,5	;RP0=1, select bank1
   177  03DB  019F               	clrf	31	;volatile
   178  03DC                     l628:	
   179                           
   180                           ;A3.c: 23:     CMCON = 7;
   181  03DC  3007               	movlw	7
   182  03DD  1283               	bcf	3,5	;RP0=0, select bank0
   183  03DE  0099               	movwf	25	;volatile
   184  03DF                     l630:	
   185                           
   186                           ;A3.c: 24:     TRISIO = 0b000000;
   187  03DF  1683               	bsf	3,5	;RP0=1, select bank1
   188  03E0  0185               	clrf	5	;volatile
   189  03E1                     l632:	
   190                           
   191                           ;A3.c: 25:     GPIO = 0b000000;
   192  03E1  1283               	bcf	3,5	;RP0=0, select bank0
   193  03E2  0185               	clrf	5	;volatile
   194  03E3                     l634:	
   195                           
   196                           ;A3.c: 28:         GPIO = 0b000001;
   197  03E3  3001               	movlw	1
   198  03E4  1283               	bcf	3,5	;RP0=0, select bank0
   199  03E5  0085               	movwf	5	;volatile
   200  03E6                     l636:	
   201                           
   202                           ;A3.c: 30:         _delay((unsigned long)((100)*(4000000/4000.0)));
   203  03E6  3082               	movlw	130
   204  03E7  00A1               	movwf	??_main+1
   205  03E8  30DD               	movlw	221
   206  03E9  00A0               	movwf	??_main
   207  03EA                     u17:	
   208  03EA  0BA0               	decfsz	??_main,f
   209  03EB  2BEA               	goto	u17
   210  03EC  0BA1               	decfsz	??_main+1,f
   211  03ED  2BEA               	goto	u17
   212  03EE  2BEF               	nop2
   213  03EF                     l638:	
   214                           
   215                           ;A3.c: 31:         GPIO = 0b000010;
   216  03EF  3002               	movlw	2
   217  03F0  1283               	bcf	3,5	;RP0=0, select bank0
   218  03F1  0085               	movwf	5	;volatile
   219  03F2                     l640:	
   220                           
   221                           ;A3.c: 33:         _delay((unsigned long)((100)*(4000000/4000.0)));
   222  03F2  3082               	movlw	130
   223  03F3  00A1               	movwf	??_main+1
   224  03F4  30DD               	movlw	221
   225  03F5  00A0               	movwf	??_main
   226  03F6                     u27:	
   227  03F6  0BA0               	decfsz	??_main,f
   228  03F7  2BF6               	goto	u27
   229  03F8  0BA1               	decfsz	??_main+1,f
   230  03F9  2BF6               	goto	u27
   231  03FA  2BFB               	nop2
   232  03FB  2BE3               	goto	l634
   233  03FC  2800               	ljmp	start
   234  03FD                     __end_of_main:	
   235  005E                     btemp	set	94	;btemp
   236  005E                     wtemp0	set	94


Data Sizes:
    Strings     0
    Constant    0
    Data        0
    BSS         0
    Persistent  0
    Stack       0

Auto Spaces:
    Space          Size  Autos    Used
    COMMON            0      0       0
    BANK0            62      2       2

Pointer List with Targets:

    None.

Critical Paths under _main in COMMON

    None.

Critical Paths under _main in BANK0

    None.

Call Graph Tables:

 ---------------------------------------------------------------------------------
 (Depth) Function   	        Calls       Base Space   Used Autos Params    Refs
 ---------------------------------------------------------------------------------
 (0) _main                                                 2     2      0       0
                                              0 BANK0      2     2      0
 ---------------------------------------------------------------------------------
 Estimated maximum stack depth 0
 ---------------------------------------------------------------------------------

 Call Graph Graphs:

 _main (ROOT)

 Address spaces:
Name               Size   Autos  Total    Cost      Usage
BITCOMMON            0      0       0       0        0.0%
EEDATA              80      0       0       0        0.0%
NULL                 0      0       0       0        0.0%
CODE                 0      0       0       0        0.0%
BITSFR0              0      0       0       1        0.0%
SFR0                 0      0       0       1        0.0%
COMMON               0      0       0       1        0.0%
BITSFR1              0      0       0       2        0.0%
SFR1                 0      0       0       2        0.0%
STACK                0      0       0       2        0.0%
BITBANK0            3E      0       0       3        0.0%
BANK0               3E      2       2       4        3.2%
ABS                  0      0       0       5        0.0%
DATA                 0      0       0       6        0.0%


Microchip Technology PIC Macro Assembler V2.10 build 88905656 
Symbol Table                                                                                   Thu Dec 12 11:15:39 2019

                     u17 03EA                       u27 03F6                      l630 03DF  
                    l640 03F2                      l632 03E1                      l634 03E3  
                    l626 03DA                      l636 03E6                      l628 03DC  
                    l638 03EF                     _GPIO 0005                     _main 03DA  
                   btemp 005E                     start 0000                    ?_main 0020  
                  _CMCON 0019                    _ANSEL 009F                    status 0003  
                  wtemp0 005E          __initialization 03FD             __end_of_main 03FD  
                 ??_main 0020                   _TRISIO 0085  __end_of__initialization 03FD  
             __pmaintext 03DA     end_of_initialization 03FD      start_initialization 03FD  
              ___latbits 0000            __pcstackBANK0 0020            __size_of_main 0023  
