

Microchip MPLAB XC8 Assembler V2.10 build 88905656 
                                                                                               Thu Dec 12 13:38:16 2019

Microchip MPLAB XC8 C Compiler v2.10 (Free license) build 20190730164152 Og1 
     1                           	processor	12F675
     2                           	opt	pw 120
     3                           	opt	flic
     4                           	psect	cinit,global,class=CODE,merge=1,delta=2
     5                           	psect	cstackBANK0,global,class=BANK0,space=1,delta=1
     6                           	psect	maintext,global,class=CODE,split=1,delta=2
     7                           	dabs	1,0x5E,2
     8  0000                     
     9                           ; Version 2.10
    10                           ; Generated 31/07/2019 GMT
    11                           ; 
    12                           ; Copyright © 2019, Microchip Technology Inc. and its subsidiaries ("Microchip")
    13                           ; All rights reserved.
    14                           ; 
    15                           ; This software is developed by Microchip Technology Inc. and its subsidiaries ("Microch
      +                          ip").
    16                           ; 
    17                           ; Redistribution and use in source and binary forms, with or without modification, are
    18                           ; permitted provided that the following conditions are met:
    19                           ; 
    20                           ;     1. Redistributions of source code must retain the above copyright notice, this lis
      +                          t of
    21                           ;        conditions and the following disclaimer.
    22                           ; 
    23                           ;     2. Redistributions in binary form must reproduce the above copyright notice, this 
      +                          list
    24                           ;        of conditions and the following disclaimer in the documentation and/or other
    25                           ;        materials provided with the distribution.
    26                           ; 
    27                           ;     3. Microchip's name may not be used to endorse or promote products derived from th
      +                          is
    28                           ;        software without specific prior written permission.
    29                           ; 
    30                           ; THIS SOFTWARE IS PROVIDED BY MICROCHIP "AS IS" AND ANY EXPRESS OR IMPLIED WARRANTIES,
    31                           ; INCLUDING, BUT NOT LIMITED TO, THE IMPLIED WARRANTIES OF MERCHANTABILITY AND FITNESS F
      +                          OR
    32                           ; PURPOSE ARE DISCLAIMED.  IN NO EVENT SHALL MICROCHIP BE LIABLE FOR ANY DIRECT, INDIREC
      +                          T,
    33                           ; INCIDENTAL, SPECIAL, EXEMPLARY, OR CONSEQUENTIAL DAMAGES (INCLUDING BUT NOT LIMITED TO
    34                           ; PROCUREMENT OF SUBSTITUTE GOODS OR SERVICES; LOSS OF USE, DATA OR PROFITS; OR BUSINESS
    35                           ; INTERRUPTION) HOWSOEVER CAUSED AND ON ANY THEORY OF LIABILITY, WHETHER IN CONTRACT, ST
      +                          RICT
    36                           ; LIABILITY, OR TORT (INCLUDING NEGLIGENCE OR OTHERWISE) ARISING IN ANY WAY OUT OF THE U
      +                          SE OF
    37                           ; THIS SOFTWARE, EVEN IF ADVISED OF THE POSSIBILITY OF SUCH DAMAGE.
    38                           ; 
    39                           ; 
    40                           ; Code-generator required, PIC12F675 Definitions
    41                           ; 
    42                           ; SFR Addresses
    43  0000                     	;# 
    44  0001                     	;# 
    45  0002                     	;# 
    46  0003                     	;# 
    47  0004                     	;# 
    48  0005                     	;# 
    49  000A                     	;# 
    50  000B                     	;# 
    51  000C                     	;# 
    52  000E                     	;# 
    53  000E                     	;# 
    54  000F                     	;# 
    55  0010                     	;# 
    56  0019                     	;# 
    57  001E                     	;# 
    58  001F                     	;# 
    59  0081                     	;# 
    60  0085                     	;# 
    61  008C                     	;# 
    62  008E                     	;# 
    63  0090                     	;# 
    64  0095                     	;# 
    65  0096                     	;# 
    66  0096                     	;# 
    67  0099                     	;# 
    68  009A                     	;# 
    69  009A                     	;# 
    70  009B                     	;# 
    71  009C                     	;# 
    72  009D                     	;# 
    73  009E                     	;# 
    74  009F                     	;# 
    75  0000                     	;# 
    76  0001                     	;# 
    77  0002                     	;# 
    78  0003                     	;# 
    79  0004                     	;# 
    80  0005                     	;# 
    81  000A                     	;# 
    82  000B                     	;# 
    83  000C                     	;# 
    84  000E                     	;# 
    85  000E                     	;# 
    86  000F                     	;# 
    87  0010                     	;# 
    88  0019                     	;# 
    89  001E                     	;# 
    90  001F                     	;# 
    91  0081                     	;# 
    92  0085                     	;# 
    93  008C                     	;# 
    94  008E                     	;# 
    95  0090                     	;# 
    96  0095                     	;# 
    97  0096                     	;# 
    98  0096                     	;# 
    99  0099                     	;# 
   100  009A                     	;# 
   101  009A                     	;# 
   102  009B                     	;# 
   103  009C                     	;# 
   104  009D                     	;# 
   105  009E                     	;# 
   106  009F                     	;# 
   107  0005                     _GPIObits	set	5
   108  0019                     _CMCON	set	25
   109  0085                     _TRISIObits	set	133
   110  009F                     _ANSEL	set	159
   111                           
   112                           ; #config settings
   113  0000                     
   114                           	psect	cinit
   115  03FD                     start_initialization:	
   116  03FD                     __initialization:	
   117  03FD                     end_of_initialization:	
   118                           ;End of C runtime variable initialization code
   119                           
   120  03FD                     __end_of__initialization:	
   121  03FD  0183               	clrf	3
   122  03FE  2BB4               	ljmp	_main	;jump to C main() function
   123                           
   124                           	psect	cstackBANK0
   125  0020                     __pcstackBANK0:	
   126  0020                     ?_main:	
   127  0020                     ??_main:	
   128                           ; 1 bytes @ 0x0
   129                           
   130                           
   131                           ; 1 bytes @ 0x0
   132  0020                     	ds	3
   133                           
   134                           	psect	maintext
   135  03B4                     __pmaintext:	
   136 ;;
   137 ;;Main: autosize = 0, tempsize = 3, incstack = 0, save=0
   138 ;;
   139 ;; *************** function _main *****************
   140 ;; Defined at:
   141 ;;		line 27 in file "A6.c"
   142 ;; Parameters:    Size  Location     Type
   143 ;;		None
   144 ;; Auto vars:     Size  Location     Type
   145 ;;		None
   146 ;; Return value:  Size  Location     Type
   147 ;;                  1    wreg      void 
   148 ;; Registers used:
   149 ;;		wreg, status,2, status,0
   150 ;; Tracked objects:
   151 ;;		On entry : B00/0
   152 ;;		On exit  : 0/0
   153 ;;		Unchanged: 0/0
   154 ;; Data sizes:     COMMON   BANK0
   155 ;;      Params:         0       0
   156 ;;      Locals:         0       0
   157 ;;      Temps:          0       3
   158 ;;      Totals:         0       3
   159 ;;Total ram usage:        3 bytes
   160 ;; This function calls:
   161 ;;		Nothing
   162 ;; This function is called by:
   163 ;;		Startup code after reset
   164 ;; This function uses a non-reentrant model
   165 ;;
   166                           
   167                           
   168                           ;psect for function _main
   169  03B4                     _main:	
   170  03B4                     l644:	
   171                           ;incstack = 0
   172                           ; Regs used in _main: [wreg+status,2+status,0]
   173                           
   174                           
   175                           ;A6.c: 28: }
   176  03B4  1683               	bsf	3,5	;RP0=1, select bank1
   177  03B5  019F               	clrf	31	;volatile
   178  03B6                     l646:	
   179  03B6  3007               	movlw	7
   180  03B7  1283               	bcf	3,5	;RP0=0, select bank0
   181  03B8  0099               	movwf	25	;volatile
   182  03B9                     l648:	
   183  03B9  1683               	bsf	3,5	;RP0=1, select bank1
   184  03BA  1405               	bsf	5,0	;volatile
   185  03BB                     l650:	
   186  03BB  1485               	bsf	5,1	;volatile
   187  03BC                     l652:	
   188  03BC  1205               	bcf	5,4	;volatile
   189  03BD                     l654:	
   190  03BD  1285               	bcf	5,5	;volatile
   191  03BE                     l656:	
   192  03BE  1283               	bcf	3,5	;RP0=0, select bank0
   193  03BF  1405               	bsf	5,0	;volatile
   194  03C0                     l658:	
   195  03C0  1485               	bsf	5,1	;volatile
   196  03C1                     l660:	
   197  03C1  1205               	bcf	5,4	;volatile
   198  03C2                     l662:	
   199  03C2  1285               	bcf	5,5	;volatile
   200  03C3                     l664:	
   201  03C3  1283               	bcf	3,5	;RP0=0, select bank0
   202  03C4  1805               	btfsc	5,0	;volatile
   203  03C5  2BC7               	goto	u71
   204  03C6  2BC8               	goto	u70
   205  03C7                     u71:	
   206  03C7  2BDF               	goto	l670
   207  03C8                     u70:	
   208  03C8                     l666:	
   209  03C8  1003               	clrc
   210  03C9  1E05               	btfss	5,4	;volatile
   211  03CA  1403               	setc
   212  03CB  1803               	btfsc	3,0
   213  03CC  2BCE               	goto	u81
   214  03CD  2BD1               	goto	u80
   215  03CE                     u81:	
   216  03CE  1283               	bcf	3,5	;RP0=0, select bank0
   217  03CF  1605               	bsf	5,4	;volatile
   218  03D0  2BD3               	goto	u94
   219  03D1                     u80:	
   220  03D1  1283               	bcf	3,5	;RP0=0, select bank0
   221  03D2  1205               	bcf	5,4	;volatile
   222  03D3                     u94:	
   223  03D3                     l668:	
   224  03D3  3002               	movlw	2
   225  03D4  00A2               	movwf	??_main+2
   226  03D5  3086               	movlw	134
   227  03D6  00A1               	movwf	??_main+1
   228  03D7  3099               	movlw	153
   229  03D8  00A0               	movwf	??_main
   230  03D9                     u137:	
   231  03D9  0BA0               	decfsz	??_main,f
   232  03DA  2BD9               	goto	u137
   233  03DB  0BA1               	decfsz	??_main+1,f
   234  03DC  2BD9               	goto	u137
   235  03DD  0BA2               	decfsz	??_main+2,f
   236  03DE  2BD9               	goto	u137
   237  03DF                     l670:	
   238  03DF  1283               	bcf	3,5	;RP0=0, select bank0
   239  03E0  1885               	btfsc	5,1	;volatile
   240  03E1  2BE3               	goto	u101
   241  03E2  2BE4               	goto	u100
   242  03E3                     u101:	
   243  03E3  2BC3               	goto	l664
   244  03E4                     u100:	
   245  03E4                     l672:	
   246  03E4  1003               	clrc
   247  03E5  1E85               	btfss	5,5	;volatile
   248  03E6  1403               	setc
   249  03E7  1803               	btfsc	3,0
   250  03E8  2BEA               	goto	u111
   251  03E9  2BED               	goto	u110
   252  03EA                     u111:	
   253  03EA  1283               	bcf	3,5	;RP0=0, select bank0
   254  03EB  1685               	bsf	5,5	;volatile
   255  03EC  2BEF               	goto	u124
   256  03ED                     u110:	
   257  03ED  1283               	bcf	3,5	;RP0=0, select bank0
   258  03EE  1285               	bcf	5,5	;volatile
   259  03EF                     u124:	
   260  03EF                     l674:	
   261  03EF  3002               	movlw	2
   262  03F0  00A2               	movwf	??_main+2
   263  03F1  3086               	movlw	134
   264  03F2  00A1               	movwf	??_main+1
   265  03F3  3099               	movlw	153
   266  03F4  00A0               	movwf	??_main
   267  03F5                     u147:	
   268  03F5  0BA0               	decfsz	??_main,f
   269  03F6  2BF5               	goto	u147
   270  03F7  0BA1               	decfsz	??_main+1,f
   271  03F8  2BF5               	goto	u147
   272  03F9  0BA2               	decfsz	??_main+2,f
   273  03FA  2BF5               	goto	u147
   274  03FB  2BC3               	goto	l664
   275  03FC  2800               	ljmp	start
   276  03FD                     __end_of_main:	
   277  005E                     btemp	set	94	;btemp
   278  005E                     wtemp0	set	94


Data Sizes:
    Strings     0
    Constant    0
    Data        0
    BSS         0
    Persistent  0
    Stack       0

Auto Spaces:
    Space          Size  Autos    Used
    COMMON            0      0       0
    BANK0            62      3       3

Pointer List with Targets:

    None.

Critical Paths under _main in COMMON

    None.

Critical Paths under _main in BANK0

    None.

Call Graph Tables:

 ---------------------------------------------------------------------------------
 (Depth) Function   	        Calls       Base Space   Used Autos Params    Refs
 ---------------------------------------------------------------------------------
 (0) _main                                                 3     3      0       0
                                              0 BANK0      3     3      0
 ---------------------------------------------------------------------------------
 Estimated maximum stack depth 0
 ---------------------------------------------------------------------------------

 Call Graph Graphs:

 _main (ROOT)

 Address spaces:
Name               Size   Autos  Total    Cost      Usage
BITCOMMON            0      0       0       0        0.0%
EEDATA              80      0       0       0        0.0%
NULL                 0      0       0       0        0.0%
CODE                 0      0       0       0        0.0%
BITSFR0              0      0       0       1        0.0%
SFR0                 0      0       0       1        0.0%
COMMON               0      0       0       1        0.0%
BITSFR1              0      0       0       2        0.0%
SFR1                 0      0       0       2        0.0%
STACK                0      0       0       2        0.0%
BITBANK0            3E      0       0       3        0.0%
BANK0               3E      3       3       4        4.8%
ABS                  0      0       0       5        0.0%
DATA                 0      0       0       6        0.0%


Microchip Technology PIC Macro Assembler V2.10 build 88905656 
Symbol Table                                                                                   Thu Dec 12 13:38:16 2019

            __CFG_CP$OFF 0000                       u70 03C8                       u71 03C7  
                     u80 03D1                       u81 03CE                       u94 03D3  
                    l650 03BB                      l660 03C1                      l652 03BC  
                    l644 03B4                      l670 03DF                      l662 03C2  
                    l654 03BD                      l646 03B6                      l672 03E4  
                    l664 03C3                      l656 03BE                      l648 03B9  
                    l674 03EF                      l666 03C8                      l658 03C0  
                    l668 03D3                      u100 03E4                      u101 03E3  
                    u110 03ED                      u111 03EA                      u124 03EF  
                    u137 03D9                      u147 03F5             __CFG_CPD$OFF 0000  
                   _main 03B4                     btemp 005E                     start 0000  
                  ?_main 0020            __CFG_WDTE$OFF 0000                    _CMCON 0019  
                  _ANSEL 009F           __CFG_BOREN$OFF 0000                    status 0003  
                  wtemp0 005E           __CFG_MCLRE$OFF 0000          __initialization 03FD  
           __end_of_main 03FD                   ??_main 0020           __CFG_PWRTE$OFF 0000  
__end_of__initialization 03FD               __pmaintext 03B4     end_of_initialization 03FD  
    start_initialization 03FD                ___latbits 0000            __pcstackBANK0 0020  
               _GPIObits 0005            __size_of_main 0049        __CFG_FOSC$INTRCIO 0000  
             _TRISIObits 0085  
