

Microchip MPLAB XC8 Assembler V2.10 build 88905656 
                                                                                               Wed Dec 18 09:33:40 2019

Microchip MPLAB XC8 C Compiler v2.10 (Free license) build 20190730164152 Og1 
     1                           	processor	16F628A
     2                           	opt	pw 120
     3                           	opt	flic
     4                           	psect	cinit,global,class=CODE,merge=1,delta=2
     5                           	psect	cstackCOMMON,global,class=COMMON,space=1,delta=1
     6                           	psect	maintext,global,class=CODE,split=1,delta=2
     7                           	psect	text1,local,class=CODE,merge=1,delta=2
     8                           	psect	text2,local,class=CODE,merge=1,delta=2
     9                           	psect	text3,local,class=CODE,merge=1,delta=2
    10                           	dabs	1,0x7E,2
    11  0000                     
    12                           ; Version 2.10
    13                           ; Generated 31/07/2019 GMT
    14                           ; 
    15                           ; Copyright © 2019, Microchip Technology Inc. and its subsidiaries ("Microchip")
    16                           ; All rights reserved.
    17                           ; 
    18                           ; This software is developed by Microchip Technology Inc. and its subsidiaries ("Microch
      +                          ip").
    19                           ; 
    20                           ; Redistribution and use in source and binary forms, with or without modification, are
    21                           ; permitted provided that the following conditions are met:
    22                           ; 
    23                           ;     1. Redistributions of source code must retain the above copyright notice, this lis
      +                          t of
    24                           ;        conditions and the following disclaimer.
    25                           ; 
    26                           ;     2. Redistributions in binary form must reproduce the above copyright notice, this 
      +                          list
    27                           ;        of conditions and the following disclaimer in the documentation and/or other
    28                           ;        materials provided with the distribution.
    29                           ; 
    30                           ;     3. Microchip's name may not be used to endorse or promote products derived from th
      +                          is
    31                           ;        software without specific prior written permission.
    32                           ; 
    33                           ; THIS SOFTWARE IS PROVIDED BY MICROCHIP "AS IS" AND ANY EXPRESS OR IMPLIED WARRANTIES,
    34                           ; INCLUDING, BUT NOT LIMITED TO, THE IMPLIED WARRANTIES OF MERCHANTABILITY AND FITNESS F
      +                          OR
    35                           ; PURPOSE ARE DISCLAIMED.  IN NO EVENT SHALL MICROCHIP BE LIABLE FOR ANY DIRECT, INDIREC
      +                          T,
    36                           ; INCIDENTAL, SPECIAL, EXEMPLARY, OR CONSEQUENTIAL DAMAGES (INCLUDING BUT NOT LIMITED TO
    37                           ; PROCUREMENT OF SUBSTITUTE GOODS OR SERVICES; LOSS OF USE, DATA OR PROFITS; OR BUSINESS
    38                           ; INTERRUPTION) HOWSOEVER CAUSED AND ON ANY THEORY OF LIABILITY, WHETHER IN CONTRACT, ST
      +                          RICT
    39                           ; LIABILITY, OR TORT (INCLUDING NEGLIGENCE OR OTHERWISE) ARISING IN ANY WAY OUT OF THE U
      +                          SE OF
    40                           ; THIS SOFTWARE, EVEN IF ADVISED OF THE POSSIBILITY OF SUCH DAMAGE.
    41                           ; 
    42                           ; 
    43                           ; Code-generator required, PIC16F628A Definitions
    44                           ; 
    45                           ; SFR Addresses
    46  0000                     	;# 
    47  0001                     	;# 
    48  0002                     	;# 
    49  0003                     	;# 
    50  0004                     	;# 
    51  0005                     	;# 
    52  0006                     	;# 
    53  000A                     	;# 
    54  000B                     	;# 
    55  000C                     	;# 
    56  000E                     	;# 
    57  000E                     	;# 
    58  000F                     	;# 
    59  0010                     	;# 
    60  0011                     	;# 
    61  0012                     	;# 
    62  0015                     	;# 
    63  0015                     	;# 
    64  0016                     	;# 
    65  0017                     	;# 
    66  0018                     	;# 
    67  0019                     	;# 
    68  001A                     	;# 
    69  001F                     	;# 
    70  0081                     	;# 
    71  0085                     	;# 
    72  0086                     	;# 
    73  008C                     	;# 
    74  008E                     	;# 
    75  0092                     	;# 
    76  0098                     	;# 
    77  0099                     	;# 
    78  009A                     	;# 
    79  009B                     	;# 
    80  009C                     	;# 
    81  009D                     	;# 
    82  009F                     	;# 
    83  0000                     	;# 
    84  0001                     	;# 
    85  0002                     	;# 
    86  0003                     	;# 
    87  0004                     	;# 
    88  0005                     	;# 
    89  0006                     	;# 
    90  000A                     	;# 
    91  000B                     	;# 
    92  000C                     	;# 
    93  000E                     	;# 
    94  000E                     	;# 
    95  000F                     	;# 
    96  0010                     	;# 
    97  0011                     	;# 
    98  0012                     	;# 
    99  0015                     	;# 
   100  0015                     	;# 
   101  0016                     	;# 
   102  0017                     	;# 
   103  0018                     	;# 
   104  0019                     	;# 
   105  001A                     	;# 
   106  001F                     	;# 
   107  0081                     	;# 
   108  0085                     	;# 
   109  0086                     	;# 
   110  008C                     	;# 
   111  008E                     	;# 
   112  0092                     	;# 
   113  0098                     	;# 
   114  0099                     	;# 
   115  009A                     	;# 
   116  009B                     	;# 
   117  009C                     	;# 
   118  009D                     	;# 
   119  009F                     	;# 
   120  0006                     _PORTBbits	set	6
   121  0005                     _PORTAbits	set	5
   122  0006                     _PORTB	set	6
   123  0005                     _PORTA	set	5
   124  001F                     _CMCON	set	31
   125  0086                     _TRISB	set	134
   126  0085                     _TRISA	set	133
   127                           
   128                           ; #config settings
   129  0000                     
   130                           	psect	cinit
   131  07FE                     start_initialization:	
   132  07FE                     __initialization:	
   133  07FE                     end_of_initialization:	
   134                           ;End of C runtime variable initialization code
   135                           
   136  07FE                     __end_of__initialization:	
   137  07FE  0183               	clrf	3
   138  07FF  2FD7               	ljmp	_main	;jump to C main() function
   139                           
   140                           	psect	cstackCOMMON
   141  0070                     __pcstackCOMMON:	
   142  0070                     ?_servo1_horario:	
   143  0070                     ??_servo1_horario:	
   144                           ; 1 bytes @ 0x0
   145                           
   146  0070                     ?_servo1_antihorario:	
   147                           ; 1 bytes @ 0x0
   148                           
   149  0070                     ??_servo1_antihorario:	
   150                           ; 1 bytes @ 0x0
   151                           
   152  0070                     ?_servo1_centro:	
   153                           ; 1 bytes @ 0x0
   154                           
   155  0070                     ??_servo1_centro:	
   156                           ; 1 bytes @ 0x0
   157                           
   158  0070                     ?_main:	
   159                           ; 1 bytes @ 0x0
   160                           
   161                           
   162                           ; 1 bytes @ 0x0
   163  0070                     	ds	2
   164  0072                     ??_main:	
   165                           
   166                           	psect	maintext
   167  07D7                     __pmaintext:	
   168                           ; 1 bytes @ 0x2
   169 ;;
   170 ;;Main: autosize = 0, tempsize = 0, incstack = 0, save=0
   171 ;;
   172 ;; *************** function _main *****************
   173 ;; Defined at:
   174 ;;		line 34 in file "A10.c"
   175 ;; Parameters:    Size  Location     Type
   176 ;;		None
   177 ;; Auto vars:     Size  Location     Type
   178 ;;		None
   179 ;; Return value:  Size  Location     Type
   180 ;;                  1    wreg      void 
   181 ;; Registers used:
   182 ;;		wreg, status,2, status,0, pclath, cstack
   183 ;; Tracked objects:
   184 ;;		On entry : B00/0
   185 ;;		On exit  : 0/0
   186 ;;		Unchanged: 0/0
   187 ;; Data sizes:     COMMON   BANK0   BANK1   BANK2
   188 ;;      Params:         0       0       0       0
   189 ;;      Locals:         0       0       0       0
   190 ;;      Temps:          0       0       0       0
   191 ;;      Totals:         0       0       0       0
   192 ;;Total ram usage:        0 bytes
   193 ;; Hardware stack levels required when called:    1
   194 ;; This function calls:
   195 ;;		_servo1_antihorario
   196 ;;		_servo1_centro
   197 ;;		_servo1_horario
   198 ;; This function is called by:
   199 ;;		Startup code after reset
   200 ;; This function uses a non-reentrant model
   201 ;;
   202                           
   203                           
   204                           ;psect for function _main
   205  07D7                     _main:	
   206  07D7                     l653:	
   207                           ;incstack = 0
   208                           ; Regs used in _main: [wreg+status,2+status,0+pclath+cstack]
   209                           
   210                           
   211                           ;A10.c: 35:     PORTBbits.RB0 = 0x00;
   212  07D7  3007               	movlw	7
   213  07D8  1283               	bcf	3,5	;RP0=0, select bank0
   214  07D9  1303               	bcf	3,6	;RP1=0, select bank0
   215  07DA  009F               	movwf	31	;volatile
   216                           
   217                           ;A10.c: 37:     PORTBbits.RB0 = 0x01;
   218  07DB  3003               	movlw	3
   219  07DC  1683               	bsf	3,5	;RP0=1, select bank1
   220  07DD  1303               	bcf	3,6	;RP1=0, select bank1
   221  07DE  0085               	movwf	5	;volatile
   222  07DF                     l655:	
   223                           
   224                           ;A10.c: 38:     _delay((unsigned long)((1500)*(4000000/4000000.0)));
   225  07DF  0186               	clrf	6	;volatile
   226  07E0                     l657:	
   227                           
   228                           ;A10.c: 40: 
   229  07E0  3003               	movlw	3
   230  07E1  1283               	bcf	3,5	;RP0=0, select bank0
   231  07E2  1303               	bcf	3,6	;RP1=0, select bank0
   232  07E3  0085               	movwf	5	;volatile
   233                           
   234                           ;A10.c: 41: void servo1_antihorario(){
   235  07E4  0186               	clrf	6	;volatile
   236  07E5                     l659:	
   237                           
   238                           ;A10.c: 45:     _delay((unsigned long)((1000)*(4000000/4000000.0)));
   239  07E5  1283               	bcf	3,5	;RP0=0, select bank0
   240  07E6  1303               	bcf	3,6	;RP1=0, select bank0
   241  07E7  1805               	btfsc	5,0	;volatile
   242  07E8  2FEA               	goto	u11
   243  07E9  2FEB               	goto	u10
   244  07EA                     u11:	
   245  07EA  2FF1               	goto	l28
   246  07EB                     u10:	
   247  07EB                     l661:	
   248  07EB  1C85               	btfss	5,1	;volatile
   249  07EC  2FEE               	goto	u21
   250  07ED  2FEF               	goto	u20
   251  07EE                     u21:	
   252  07EE  2FF1               	goto	l28
   253  07EF                     u20:	
   254  07EF                     l663:	
   255                           
   256                           ;A10.c: 46: }
   257  07EF  27BF               	fcall	_servo1_horario
   258  07F0  2FE5               	goto	l659
   259  07F1                     l28:	
   260  07F1  1C05               	btfss	5,0	;volatile
   261  07F2  2FF4               	goto	u31
   262  07F3  2FF5               	goto	u30
   263  07F4                     u31:	
   264  07F4  2FFB               	goto	l669
   265  07F5                     u30:	
   266  07F5                     l665:	
   267  07F5  1885               	btfsc	5,1	;volatile
   268  07F6  2FF8               	goto	u41
   269  07F7  2FF9               	goto	u40
   270  07F8                     u41:	
   271  07F8  2FFB               	goto	l669
   272  07F9                     u40:	
   273  07F9                     l667:	
   274  07F9  27A8               	fcall	_servo1_antihorario
   275  07FA  2FE5               	goto	l659
   276  07FB                     l669:	
   277  07FB  2792               	fcall	_servo1_centro
   278  07FC  2FE5               	goto	l659
   279  07FD  2800               	ljmp	start
   280  07FE                     __end_of_main:	
   281                           
   282                           	psect	text1
   283  07BF                     __ptext1:	
   284 ;; *************** function _servo1_horario *****************
   285 ;; Defined at:
   286 ;;		line 57 in file "A10.c"
   287 ;; Parameters:    Size  Location     Type
   288 ;;		None
   289 ;; Auto vars:     Size  Location     Type
   290 ;;		None
   291 ;; Return value:  Size  Location     Type
   292 ;;                  1    wreg      void 
   293 ;; Registers used:
   294 ;;		wreg
   295 ;; Tracked objects:
   296 ;;		On entry : 0/0
   297 ;;		On exit  : 0/0
   298 ;;		Unchanged: 0/0
   299 ;; Data sizes:     COMMON   BANK0   BANK1   BANK2
   300 ;;      Params:         0       0       0       0
   301 ;;      Locals:         0       0       0       0
   302 ;;      Temps:          2       0       0       0
   303 ;;      Totals:         2       0       0       0
   304 ;;Total ram usage:        2 bytes
   305 ;; Hardware stack levels used:    1
   306 ;; This function calls:
   307 ;;		Nothing
   308 ;; This function is called by:
   309 ;;		_main
   310 ;; This function uses a non-reentrant model
   311 ;;
   312                           
   313                           
   314                           ;psect for function _servo1_horario
   315  07BF                     _servo1_horario:	
   316  07BF                     l635:	
   317                           ;incstack = 0
   318                           ; Regs used in _servo1_horario: [wreg]
   319                           
   320  07BF  1283               	bcf	3,5	;RP0=0, select bank0
   321  07C0  1303               	bcf	3,6	;RP1=0, select bank0
   322  07C1  1006               	bcf	6,0	;volatile
   323  07C2                     l637:	
   324  07C2  3018               	movlw	24
   325  07C3  00F1               	movwf	??_servo1_horario+1
   326  07C4  305F               	movlw	95
   327  07C5  00F0               	movwf	??_servo1_horario
   328  07C6                     u57:	
   329  07C6  0BF0               	decfsz	??_servo1_horario,f
   330  07C7  2FC6               	goto	u57
   331  07C8  0BF1               	decfsz	??_servo1_horario+1,f
   332  07C9  2FC6               	goto	u57
   333  07CA                     l639:	
   334  07CA  1283               	bcf	3,5	;RP0=0, select bank0
   335  07CB  1303               	bcf	3,6	;RP1=0, select bank0
   336  07CC  1406               	bsf	6,0	;volatile
   337  07CD  3003               	movlw	3
   338  07CE  00F1               	movwf	??_servo1_horario+1
   339  07CF  3097               	movlw	151
   340  07D0  00F0               	movwf	??_servo1_horario
   341  07D1                     u67:	
   342  07D1  0BF0               	decfsz	??_servo1_horario,f
   343  07D2  2FD1               	goto	u67
   344  07D3  0BF1               	decfsz	??_servo1_horario+1,f
   345  07D4  2FD1               	goto	u67
   346  07D5  2FD6               	nop2
   347  07D6                     l37:	
   348  07D6  0008               	return
   349  07D7                     __end_of_servo1_horario:	
   350                           
   351                           	psect	text2
   352  0792                     __ptext2:	
   353 ;; *************** function _servo1_centro *****************
   354 ;; Defined at:
   355 ;;		line 64 in file "A10.c"
   356 ;; Parameters:    Size  Location     Type
   357 ;;		None
   358 ;; Auto vars:     Size  Location     Type
   359 ;;		None
   360 ;; Return value:  Size  Location     Type
   361 ;;                  1    wreg      void 
   362 ;; Registers used:
   363 ;;		wreg
   364 ;; Tracked objects:
   365 ;;		On entry : 0/0
   366 ;;		On exit  : 0/0
   367 ;;		Unchanged: 0/0
   368 ;; Data sizes:     COMMON   BANK0   BANK1   BANK2
   369 ;;      Params:         0       0       0       0
   370 ;;      Locals:         0       0       0       0
   371 ;;      Temps:          2       0       0       0
   372 ;;      Totals:         2       0       0       0
   373 ;;Total ram usage:        2 bytes
   374 ;; Hardware stack levels used:    1
   375 ;; This function calls:
   376 ;;		Nothing
   377 ;; This function is called by:
   378 ;;		_main
   379 ;; This function uses a non-reentrant model
   380 ;;
   381                           
   382                           
   383                           ;psect for function _servo1_centro
   384  0792                     _servo1_centro:	
   385  0792                     l647:	
   386                           ;incstack = 0
   387                           ; Regs used in _servo1_centro: [wreg]
   388                           
   389  0792  1283               	bcf	3,5	;RP0=0, select bank0
   390  0793  1303               	bcf	3,6	;RP1=0, select bank0
   391  0794  1006               	bcf	6,0	;volatile
   392  0795                     l649:	
   393  0795  3019               	movlw	25
   394  0796  00F1               	movwf	??_servo1_centro+1
   395  0797  3005               	movlw	5
   396  0798  00F0               	movwf	??_servo1_centro
   397  0799                     u77:	
   398  0799  0BF0               	decfsz	??_servo1_centro,f
   399  079A  2F99               	goto	u77
   400  079B  0BF1               	decfsz	??_servo1_centro+1,f
   401  079C  2F99               	goto	u77
   402  079D                     l651:	
   403  079D  1283               	bcf	3,5	;RP0=0, select bank0
   404  079E  1303               	bcf	3,6	;RP1=0, select bank0
   405  079F  1406               	bsf	6,0	;volatile
   406  07A0  30D6               	movlw	214
   407  07A1  00F0               	movwf	??_servo1_centro
   408  07A2                     u87:	
   409  07A2  2FA3               	nop2
   410  07A3  2FA4               	nop2
   411  07A4  0BF0               	decfsz	??_servo1_centro,f
   412  07A5  2FA2               	goto	u87
   413  07A6  0000               	nop
   414  07A7                     l40:	
   415  07A7  0008               	return
   416  07A8                     __end_of_servo1_centro:	
   417                           
   418                           	psect	text3
   419  07A8                     __ptext3:	
   420 ;; *************** function _servo1_antihorario *****************
   421 ;; Defined at:
   422 ;;		line 71 in file "A10.c"
   423 ;; Parameters:    Size  Location     Type
   424 ;;		None
   425 ;; Auto vars:     Size  Location     Type
   426 ;;		None
   427 ;; Return value:  Size  Location     Type
   428 ;;                  1    wreg      void 
   429 ;; Registers used:
   430 ;;		wreg
   431 ;; Tracked objects:
   432 ;;		On entry : 0/0
   433 ;;		On exit  : 0/0
   434 ;;		Unchanged: 0/0
   435 ;; Data sizes:     COMMON   BANK0   BANK1   BANK2
   436 ;;      Params:         0       0       0       0
   437 ;;      Locals:         0       0       0       0
   438 ;;      Temps:          2       0       0       0
   439 ;;      Totals:         2       0       0       0
   440 ;;Total ram usage:        2 bytes
   441 ;; Hardware stack levels used:    1
   442 ;; This function calls:
   443 ;;		Nothing
   444 ;; This function is called by:
   445 ;;		_main
   446 ;; This function uses a non-reentrant model
   447 ;;
   448                           
   449                           
   450                           ;psect for function _servo1_antihorario
   451  07A8                     _servo1_antihorario:	
   452  07A8                     l641:	
   453                           ;incstack = 0
   454                           ; Regs used in _servo1_antihorario: [wreg]
   455                           
   456  07A8  1283               	bcf	3,5	;RP0=0, select bank0
   457  07A9  1303               	bcf	3,6	;RP1=0, select bank0
   458  07AA  1006               	bcf	6,0	;volatile
   459  07AB                     l643:	
   460  07AB  3019               	movlw	25
   461  07AC  00F1               	movwf	??_servo1_antihorario+1
   462  07AD  30AB               	movlw	171
   463  07AE  00F0               	movwf	??_servo1_antihorario
   464  07AF                     u97:	
   465  07AF  0BF0               	decfsz	??_servo1_antihorario,f
   466  07B0  2FAF               	goto	u97
   467  07B1  0BF1               	decfsz	??_servo1_antihorario+1,f
   468  07B2  2FAF               	goto	u97
   469  07B3  2FB4               	nop2
   470  07B4                     l645:	
   471  07B4  1283               	bcf	3,5	;RP0=0, select bank0
   472  07B5  1303               	bcf	3,6	;RP1=0, select bank0
   473  07B6  1406               	bsf	6,0	;volatile
   474  07B7  30C7               	movlw	199
   475  07B8  00F0               	movwf	??_servo1_antihorario
   476  07B9                     u107:	
   477  07B9  2FBA               	nop2
   478  07BA  0BF0               	decfsz	??_servo1_antihorario,f
   479  07BB  2FB9               	goto	u107
   480  07BC  2FBD               	nop2
   481  07BD  2FBE               	nop2
   482  07BE                     l43:	
   483  07BE  0008               	return
   484  07BF                     __end_of_servo1_antihorario:	
   485  007E                     btemp	set	126	;btemp
   486  007E                     wtemp0	set	126


Data Sizes:
    Strings     0
    Constant    0
    Data        0
    BSS         0
    Persistent  0
    Stack       0

Auto Spaces:
    Space          Size  Autos    Used
    COMMON           14      2       2
    BANK0            80      0       0
    BANK1            80      0       0
    BANK2            48      0       0

Pointer List with Targets:

    None.

Critical Paths under _main in COMMON

    _main->_servo1_antihorario
    _main->_servo1_centro
    _main->_servo1_horario

Critical Paths under _main in BANK0

    None.

Critical Paths under _main in BANK1

    None.

Critical Paths under _main in BANK2

    None.

Call Graph Tables:

 ---------------------------------------------------------------------------------
 (Depth) Function   	        Calls       Base Space   Used Autos Params    Refs
 ---------------------------------------------------------------------------------
 (0) _main                                                 0     0      0       0
                 _servo1_antihorario
                      _servo1_centro
                     _servo1_horario
 ---------------------------------------------------------------------------------
 (1) _servo1_horario                                       2     2      0       0
                                              0 COMMON     2     2      0
 ---------------------------------------------------------------------------------
 (1) _servo1_centro                                        2     2      0       0
                                              0 COMMON     2     2      0
 ---------------------------------------------------------------------------------
 (1) _servo1_antihorario                                   2     2      0       0
                                              0 COMMON     2     2      0
 ---------------------------------------------------------------------------------
 Estimated maximum stack depth 1
 ---------------------------------------------------------------------------------

 Call Graph Graphs:

 _main (ROOT)
   _servo1_antihorario
   _servo1_centro
   _servo1_horario

 Address spaces:
Name               Size   Autos  Total    Cost      Usage
BITCOMMON            E      0       0       0        0.0%
EEDATA              80      0       0       0        0.0%
NULL                 0      0       0       0        0.0%
CODE                 0      0       0       0        0.0%
COMMON               E      2       2       1       14.3%
BITSFR0              0      0       0       1        0.0%
SFR0                 0      0       0       1        0.0%
BITSFR1              0      0       0       2        0.0%
SFR1                 0      0       0       2        0.0%
STACK                0      0       0       2        0.0%
BANK0               50      0       0       3        0.0%
BITSFR3              0      0       0       4        0.0%
SFR3                 0      0       0       4        0.0%
ABS                  0      0       0       4        0.0%
BITBANK0            50      0       0       5        0.0%
BITSFR2              0      0       0       5        0.0%
SFR2                 0      0       0       5        0.0%
BITBANK1            50      0       0       6        0.0%
BANK1               50      0       0       7        0.0%
BITBANK2            30      0       0       8        0.0%
BANK2               30      0       0       9        0.0%
DATA                 0      0       0      10        0.0%


Microchip Technology PIC Macro Assembler V2.10 build 88905656 
Symbol Table                                                                                   Wed Dec 18 09:33:40 2019

                __CFG_CP$OFF 0000                           l40 07A7                           l43 07BE  
                         l28 07F1                           l37 07D6                           u10 07EB  
                         u11 07EA                           u20 07EF                           u21 07EE  
                         u30 07F5                           u31 07F4                           u40 07F9  
                         u41 07F8                           u57 07C6                           u67 07D1  
                         u77 0799                           u87 07A2                           u97 07AF  
                __CFG_LVP$ON 0000                          l641 07A8                          l643 07AB  
                        l651 079D                          l635 07BF                          l645 07B4  
                        l637 07C2                          l661 07EB                          l653 07D7  
                        l647 0792                          l639 07CA                          l663 07EF  
                        l655 07DF                          l649 0795                          l665 07F5  
                        l657 07E0                          l667 07F9                          l659 07E5  
                        l669 07FB                          u107 07B9                 __CFG_CPD$OFF 0000  
                       _main 07D7                         btemp 007E                __CFG_BOREN$ON 0000  
                       start 0000           _servo1_antihorario 07A8                __CFG_MCLRE$ON 0000  
        ?_servo1_antihorario 0070                        ?_main 0070                __CFG_WDTE$OFF 0000  
                      _CMCON 001F                        _PORTA 0005                        _PORTB 0006  
                      _TRISA 0085                        _TRISB 0086         ??_servo1_antihorario 0070  
                      status 0003                        wtemp0 007E              __initialization 07FE  
               __end_of_main 07FE                       ??_main 0072               __CFG_PWRTE$OFF 0000  
    __end_of__initialization 07FE               __pcstackCOMMON 0070        __end_of_servo1_centro 07A8  
                 __pmaintext 07D7      __size_of_servo1_horario 0018                      __ptext1 07BF  
                    __ptext2 0792                      __ptext3 07A8         end_of_initialization 07FE  
__size_of_servo1_antihorario 0017                    _PORTAbits 0005                    _PORTBbits 0006  
        start_initialization 07FE               _servo1_horario 07BF                    ___latbits 0000  
     __end_of_servo1_horario 07D7       __size_of_servo1_centro 0016              ?_servo1_horario 0070  
 __end_of_servo1_antihorario 07BF                _servo1_centro 0792               ?_servo1_centro 0070  
              __size_of_main 0027             ??_servo1_horario 0070              ??_servo1_centro 0070  
         __CFG_FOSC$EXTRCCLK 0000  
