

Microchip MPLAB XC8 Assembler V2.10 build 88905656 
                                                                                               Thu Dec 12 17:24:28 2019

Microchip MPLAB XC8 C Compiler v2.10 (Free license) build 20190730164152 Og1 
     1                           	processor	16F628A
     2                           	opt	pw 120
     3                           	opt	flic
     4                           	psect	idataCOMMON,global,class=CODE,delta=2
     5                           	psect	cinit,global,class=CODE,merge=1,delta=2
     6                           	psect	dataCOMMON,global,class=COMMON,space=1,delta=1
     7                           	psect	cstackCOMMON,global,class=COMMON,space=1,delta=1
     8                           	psect	maintext,global,class=CODE,split=1,delta=2
     9                           	dabs	1,0x7E,2
    10  0000                     
    11                           ; Version 2.10
    12                           ; Generated 31/07/2019 GMT
    13                           ; 
    14                           ; Copyright © 2019, Microchip Technology Inc. and its subsidiaries ("Microchip")
    15                           ; All rights reserved.
    16                           ; 
    17                           ; This software is developed by Microchip Technology Inc. and its subsidiaries ("Microch
      +                          ip").
    18                           ; 
    19                           ; Redistribution and use in source and binary forms, with or without modification, are
    20                           ; permitted provided that the following conditions are met:
    21                           ; 
    22                           ;     1. Redistributions of source code must retain the above copyright notice, this lis
      +                          t of
    23                           ;        conditions and the following disclaimer.
    24                           ; 
    25                           ;     2. Redistributions in binary form must reproduce the above copyright notice, this 
      +                          list
    26                           ;        of conditions and the following disclaimer in the documentation and/or other
    27                           ;        materials provided with the distribution.
    28                           ; 
    29                           ;     3. Microchip's name may not be used to endorse or promote products derived from th
      +                          is
    30                           ;        software without specific prior written permission.
    31                           ; 
    32                           ; THIS SOFTWARE IS PROVIDED BY MICROCHIP "AS IS" AND ANY EXPRESS OR IMPLIED WARRANTIES,
    33                           ; INCLUDING, BUT NOT LIMITED TO, THE IMPLIED WARRANTIES OF MERCHANTABILITY AND FITNESS F
      +                          OR
    34                           ; PURPOSE ARE DISCLAIMED.  IN NO EVENT SHALL MICROCHIP BE LIABLE FOR ANY DIRECT, INDIREC
      +                          T,
    35                           ; INCIDENTAL, SPECIAL, EXEMPLARY, OR CONSEQUENTIAL DAMAGES (INCLUDING BUT NOT LIMITED TO
    36                           ; PROCUREMENT OF SUBSTITUTE GOODS OR SERVICES; LOSS OF USE, DATA OR PROFITS; OR BUSINESS
    37                           ; INTERRUPTION) HOWSOEVER CAUSED AND ON ANY THEORY OF LIABILITY, WHETHER IN CONTRACT, ST
      +                          RICT
    38                           ; LIABILITY, OR TORT (INCLUDING NEGLIGENCE OR OTHERWISE) ARISING IN ANY WAY OUT OF THE U
      +                          SE OF
    39                           ; THIS SOFTWARE, EVEN IF ADVISED OF THE POSSIBILITY OF SUCH DAMAGE.
    40                           ; 
    41                           ; 
    42                           ; Code-generator required, PIC16F628A Definitions
    43                           ; 
    44                           ; SFR Addresses
    45  0000                     	;# 
    46  0001                     	;# 
    47  0002                     	;# 
    48  0003                     	;# 
    49  0004                     	;# 
    50  0005                     	;# 
    51  0006                     	;# 
    52  000A                     	;# 
    53  000B                     	;# 
    54  000C                     	;# 
    55  000E                     	;# 
    56  000E                     	;# 
    57  000F                     	;# 
    58  0010                     	;# 
    59  0011                     	;# 
    60  0012                     	;# 
    61  0015                     	;# 
    62  0015                     	;# 
    63  0016                     	;# 
    64  0017                     	;# 
    65  0018                     	;# 
    66  0019                     	;# 
    67  001A                     	;# 
    68  001F                     	;# 
    69  0081                     	;# 
    70  0085                     	;# 
    71  0086                     	;# 
    72  008C                     	;# 
    73  008E                     	;# 
    74  0092                     	;# 
    75  0098                     	;# 
    76  0099                     	;# 
    77  009A                     	;# 
    78  009B                     	;# 
    79  009C                     	;# 
    80  009D                     	;# 
    81  009F                     	;# 
    82  0000                     	;# 
    83  0001                     	;# 
    84  0002                     	;# 
    85  0003                     	;# 
    86  0004                     	;# 
    87  0005                     	;# 
    88  0006                     	;# 
    89  000A                     	;# 
    90  000B                     	;# 
    91  000C                     	;# 
    92  000E                     	;# 
    93  000E                     	;# 
    94  000F                     	;# 
    95  0010                     	;# 
    96  0011                     	;# 
    97  0012                     	;# 
    98  0015                     	;# 
    99  0015                     	;# 
   100  0016                     	;# 
   101  0017                     	;# 
   102  0018                     	;# 
   103  0019                     	;# 
   104  001A                     	;# 
   105  001F                     	;# 
   106  0081                     	;# 
   107  0085                     	;# 
   108  0086                     	;# 
   109  008C                     	;# 
   110  008E                     	;# 
   111  0092                     	;# 
   112  0098                     	;# 
   113  0099                     	;# 
   114  009A                     	;# 
   115  009B                     	;# 
   116  009C                     	;# 
   117  009D                     	;# 
   118  009F                     	;# 
   119                           
   120                           	psect	idataCOMMON
   121  07D0                     __pidataCOMMON:	
   122                           
   123                           ;initializer for _cont
   124  07D0  34FF               	retlw	255
   125  07D1  3400               	retlw	0
   126  0006                     _PORTB	set	6
   127  0086                     _TRISB	set	134
   128                           
   129                           	psect	cinit
   130  07FA                     start_initialization:	
   131                           ; #config settings
   132                           
   133  07FA                     __initialization:	
   134                           
   135                           ; Initialize objects allocated to COMMON
   136  07FA  27D0               	fcall	__pidataCOMMON	;fetch initializer
   137  07FB  00F3               	movwf	__pdataCOMMON& (0+127)
   138  07FC  27D1               	fcall	__pidataCOMMON+1	;fetch initializer
   139  07FD  00F4               	movwf	(__pdataCOMMON+1)& (0+127)
   140  07FE                     end_of_initialization:	
   141                           ;End of C runtime variable initialization code
   142                           
   143  07FE                     __end_of__initialization:	
   144  07FE  0183               	clrf	3
   145  07FF  2FD2               	ljmp	_main	;jump to C main() function
   146                           
   147                           	psect	dataCOMMON
   148  0073                     __pdataCOMMON:	
   149  0073                     _cont:	
   150  0073                     	ds	2
   151                           
   152                           	psect	cstackCOMMON
   153  0070                     __pcstackCOMMON:	
   154  0070                     ?_main:	
   155  0070                     ??_main:	
   156                           ; 1 bytes @ 0x0
   157                           
   158                           
   159                           ; 1 bytes @ 0x0
   160  0070                     	ds	3
   161                           
   162                           	psect	maintext
   163  07D2                     __pmaintext:	
   164 ;;
   165 ;;Main: autosize = 0, tempsize = 3, incstack = 0, save=0
   166 ;;
   167 ;; *************** function _main *****************
   168 ;; Defined at:
   169 ;;		line 16 in file "A7.c"
   170 ;; Parameters:    Size  Location     Type
   171 ;;		None
   172 ;; Auto vars:     Size  Location     Type
   173 ;;		None
   174 ;; Return value:  Size  Location     Type
   175 ;;                  1    wreg      void 
   176 ;; Registers used:
   177 ;;		wreg, status,2, status,0
   178 ;; Tracked objects:
   179 ;;		On entry : B00/0
   180 ;;		On exit  : 0/0
   181 ;;		Unchanged: 0/0
   182 ;; Data sizes:     COMMON   BANK0   BANK1   BANK2
   183 ;;      Params:         0       0       0       0
   184 ;;      Locals:         0       0       0       0
   185 ;;      Temps:          3       0       0       0
   186 ;;      Totals:         3       0       0       0
   187 ;;Total ram usage:        3 bytes
   188 ;; This function calls:
   189 ;;		Nothing
   190 ;; This function is called by:
   191 ;;		Startup code after reset
   192 ;; This function uses a non-reentrant model
   193 ;;
   194                           
   195                           
   196                           ;psect for function _main
   197  07D2                     _main:	
   198  07D2                     l609:	
   199                           ;incstack = 0
   200                           ; Regs used in _main: [wreg+status,2+status,0]
   201                           
   202                           
   203                           ;A7.c: 19:     TRISB = 0;
   204  07D2  1683               	bsf	3,5	;RP0=1, select bank1
   205  07D3  1303               	bcf	3,6	;RP1=0, select bank1
   206  07D4  0186               	clrf	6	;volatile
   207  07D5                     l611:	
   208                           
   209                           ;A7.c: 20:     PORTB = 0xFF;
   210  07D5  30FF               	movlw	255
   211  07D6  1283               	bcf	3,5	;RP0=0, select bank0
   212  07D7  1303               	bcf	3,6	;RP1=0, select bank0
   213  07D8  0086               	movwf	6	;volatile
   214  07D9                     l613:	
   215                           
   216                           ;A7.c: 23:         PORTB = cont;
   217  07D9  0873               	movf	_cont,w
   218  07DA  1283               	bcf	3,5	;RP0=0, select bank0
   219  07DB  1303               	bcf	3,6	;RP1=0, select bank0
   220  07DC  0086               	movwf	6	;volatile
   221  07DD                     l615:	
   222                           
   223                           ;A7.c: 24:         _delay((unsigned long)((300)*(4000000/4000.0)));
   224  07DD  3002               	movlw	2
   225  07DE  00F2               	movwf	??_main+2
   226  07DF  3086               	movlw	134
   227  07E0  00F1               	movwf	??_main+1
   228  07E1  3099               	movlw	153
   229  07E2  00F0               	movwf	??_main
   230  07E3                     u27:	
   231  07E3  0BF0               	decfsz	??_main,f
   232  07E4  2FE3               	goto	u27
   233  07E5  0BF1               	decfsz	??_main+1,f
   234  07E6  2FE3               	goto	u27
   235  07E7  0BF2               	decfsz	??_main+2,f
   236  07E8  2FE3               	goto	u27
   237  07E9                     l617:	
   238                           
   239                           ;A7.c: 25:         cont = cont << 1;
   240  07E9  1003               	clrc
   241  07EA  0D73               	rlf	_cont,w
   242  07EB  00F3               	movwf	_cont
   243  07EC  0D74               	rlf	_cont+1,w
   244  07ED  00F4               	movwf	_cont+1
   245  07EE                     l619:	
   246                           
   247                           ;A7.c: 27:         if(cont == 0) cont = 0xFF;
   248  07EE  0873               	movf	_cont,w
   249  07EF  0474               	iorwf	_cont+1,w
   250  07F0  1D03               	btfss	3,2
   251  07F1  2FF3               	goto	u11
   252  07F2  2FF4               	goto	u10
   253  07F3                     u11:	
   254  07F3  2FD9               	goto	l613
   255  07F4                     u10:	
   256  07F4                     l621:	
   257  07F4  30FF               	movlw	255
   258  07F5  00F3               	movwf	_cont
   259  07F6  3000               	movlw	0
   260  07F7  00F4               	movwf	_cont+1
   261  07F8  2FD9               	goto	l613
   262  07F9  2800               	ljmp	start
   263  07FA                     __end_of_main:	
   264  007E                     btemp	set	126	;btemp
   265  007E                     wtemp0	set	126


Data Sizes:
    Strings     0
    Constant    0
    Data        2
    BSS         0
    Persistent  0
    Stack       0

Auto Spaces:
    Space          Size  Autos    Used
    COMMON           14      3       5
    BANK0            80      0       0
    BANK1            80      0       0
    BANK2            48      0       0

Pointer List with Targets:

    None.

Critical Paths under _main in COMMON

    None.

Critical Paths under _main in BANK0

    None.

Critical Paths under _main in BANK1

    None.

Critical Paths under _main in BANK2

    None.

Call Graph Tables:

 ---------------------------------------------------------------------------------
 (Depth) Function   	        Calls       Base Space   Used Autos Params    Refs
 ---------------------------------------------------------------------------------
 (0) _main                                                 3     3      0       0
                                              0 COMMON     3     3      0
 ---------------------------------------------------------------------------------
 Estimated maximum stack depth 0
 ---------------------------------------------------------------------------------

 Call Graph Graphs:

 _main (ROOT)

 Address spaces:
Name               Size   Autos  Total    Cost      Usage
SFR3                 0      0       0       4        0.0%
BITSFR3              0      0       0       4        0.0%
BANK2               30      0       0       9        0.0%
BITBANK2            30      0       0       8        0.0%
SFR2                 0      0       0       5        0.0%
BITSFR2              0      0       0       5        0.0%
BANK1               50      0       0       7        0.0%
BITBANK1            50      0       0       6        0.0%
SFR1                 0      0       0       2        0.0%
BITSFR1              0      0       0       2        0.0%
BANK0               50      0       0       3        0.0%
BITBANK0            50      0       0       5        0.0%
SFR0                 0      0       0       1        0.0%
BITSFR0              0      0       0       1        0.0%
COMMON               E      3       5       1       35.7%
BITCOMMON            E      0       0       0        0.0%
CODE                 0      0       0       0        0.0%
DATA                 0      0       5      10        0.0%
ABS                  0      0       5       4        0.0%
NULL                 0      0       0       0        0.0%
STACK                0      0       0       2        0.0%
EEDATA              80      0       0       0        0.0%


Microchip Technology PIC Macro Assembler V2.10 build 88905656 
Symbol Table                                                                                   Thu Dec 12 17:24:28 2019

                     u10 07F4                       u11 07F3                       u27 07E3  
                    l611 07D5                      l621 07F4                      l613 07D9  
                    l615 07DD                      l617 07E9                      l609 07D2  
                    l619 07EE                     _cont 0073                     _main 07D2  
                   btemp 007E                     start 0000                    ?_main 0070  
                  _PORTB 0006                    _TRISB 0086                    status 0003  
                  wtemp0 007E          __initialization 07FA             __end_of_main 07FA  
                 ??_main 0070             __pdataCOMMON 0073  __end_of__initialization 07FE  
         __pcstackCOMMON 0070               __pmaintext 07D2     end_of_initialization 07FE  
          __pidataCOMMON 07D0      start_initialization 07FA                ___latbits 0000  
          __size_of_main 0028  
