

Microchip MPLAB XC8 Assembler V2.10 build 88905656 
                                                                                               Thu Dec 12 12:52:36 2019

Microchip MPLAB XC8 C Compiler v2.10 (Free license) build 20190730164152 Og1 
     1                           	processor	12F675
     2                           	opt	pw 120
     3                           	opt	flic
     4                           	psect	cinit,global,class=CODE,merge=1,delta=2
     5                           	psect	cstackBANK0,global,class=BANK0,space=1,delta=1
     6                           	psect	maintext,global,class=CODE,split=1,delta=2
     7                           	dabs	1,0x5E,2
     8  0000                     
     9                           ; Version 2.10
    10                           ; Generated 31/07/2019 GMT
    11                           ; 
    12                           ; Copyright © 2019, Microchip Technology Inc. and its subsidiaries ("Microchip")
    13                           ; All rights reserved.
    14                           ; 
    15                           ; This software is developed by Microchip Technology Inc. and its subsidiaries ("Microch
      +                          ip").
    16                           ; 
    17                           ; Redistribution and use in source and binary forms, with or without modification, are
    18                           ; permitted provided that the following conditions are met:
    19                           ; 
    20                           ;     1. Redistributions of source code must retain the above copyright notice, this lis
      +                          t of
    21                           ;        conditions and the following disclaimer.
    22                           ; 
    23                           ;     2. Redistributions in binary form must reproduce the above copyright notice, this 
      +                          list
    24                           ;        of conditions and the following disclaimer in the documentation and/or other
    25                           ;        materials provided with the distribution.
    26                           ; 
    27                           ;     3. Microchip's name may not be used to endorse or promote products derived from th
      +                          is
    28                           ;        software without specific prior written permission.
    29                           ; 
    30                           ; THIS SOFTWARE IS PROVIDED BY MICROCHIP "AS IS" AND ANY EXPRESS OR IMPLIED WARRANTIES,
    31                           ; INCLUDING, BUT NOT LIMITED TO, THE IMPLIED WARRANTIES OF MERCHANTABILITY AND FITNESS F
      +                          OR
    32                           ; PURPOSE ARE DISCLAIMED.  IN NO EVENT SHALL MICROCHIP BE LIABLE FOR ANY DIRECT, INDIREC
      +                          T,
    33                           ; INCIDENTAL, SPECIAL, EXEMPLARY, OR CONSEQUENTIAL DAMAGES (INCLUDING BUT NOT LIMITED TO
    34                           ; PROCUREMENT OF SUBSTITUTE GOODS OR SERVICES; LOSS OF USE, DATA OR PROFITS; OR BUSINESS
    35                           ; INTERRUPTION) HOWSOEVER CAUSED AND ON ANY THEORY OF LIABILITY, WHETHER IN CONTRACT, ST
      +                          RICT
    36                           ; LIABILITY, OR TORT (INCLUDING NEGLIGENCE OR OTHERWISE) ARISING IN ANY WAY OUT OF THE U
      +                          SE OF
    37                           ; THIS SOFTWARE, EVEN IF ADVISED OF THE POSSIBILITY OF SUCH DAMAGE.
    38                           ; 
    39                           ; 
    40                           ; Code-generator required, PIC12F675 Definitions
    41                           ; 
    42                           ; SFR Addresses
    43  0000                     	;# 
    44  0001                     	;# 
    45  0002                     	;# 
    46  0003                     	;# 
    47  0004                     	;# 
    48  0005                     	;# 
    49  000A                     	;# 
    50  000B                     	;# 
    51  000C                     	;# 
    52  000E                     	;# 
    53  000E                     	;# 
    54  000F                     	;# 
    55  0010                     	;# 
    56  0019                     	;# 
    57  001E                     	;# 
    58  001F                     	;# 
    59  0081                     	;# 
    60  0085                     	;# 
    61  008C                     	;# 
    62  008E                     	;# 
    63  0090                     	;# 
    64  0095                     	;# 
    65  0096                     	;# 
    66  0096                     	;# 
    67  0099                     	;# 
    68  009A                     	;# 
    69  009A                     	;# 
    70  009B                     	;# 
    71  009C                     	;# 
    72  009D                     	;# 
    73  009E                     	;# 
    74  009F                     	;# 
    75  0000                     	;# 
    76  0001                     	;# 
    77  0002                     	;# 
    78  0003                     	;# 
    79  0004                     	;# 
    80  0005                     	;# 
    81  000A                     	;# 
    82  000B                     	;# 
    83  000C                     	;# 
    84  000E                     	;# 
    85  000E                     	;# 
    86  000F                     	;# 
    87  0010                     	;# 
    88  0019                     	;# 
    89  001E                     	;# 
    90  001F                     	;# 
    91  0081                     	;# 
    92  0085                     	;# 
    93  008C                     	;# 
    94  008E                     	;# 
    95  0090                     	;# 
    96  0095                     	;# 
    97  0096                     	;# 
    98  0096                     	;# 
    99  0099                     	;# 
   100  009A                     	;# 
   101  009A                     	;# 
   102  009B                     	;# 
   103  009C                     	;# 
   104  009D                     	;# 
   105  009E                     	;# 
   106  009F                     	;# 
   107  0005                     _GPIObits	set	5
   108  0019                     _CMCON	set	25
   109  0085                     _TRISIObits	set	133
   110  009F                     _ANSEL	set	159
   111                           
   112                           	psect	cinit
   113  03FD                     start_initialization:	
   114                           ; #config settings
   115                           
   116  03FD                     __initialization:	
   117  03FD                     end_of_initialization:	
   118                           ;End of C runtime variable initialization code
   119                           
   120  03FD                     __end_of__initialization:	
   121  03FD  0183               	clrf	3
   122  03FE  2BC7               	ljmp	_main	;jump to C main() function
   123                           
   124                           	psect	cstackBANK0
   125  0020                     __pcstackBANK0:	
   126  0020                     ?_main:	
   127  0020                     ??_main:	
   128                           ; 1 bytes @ 0x0
   129                           
   130                           
   131                           ; 1 bytes @ 0x0
   132  0020                     	ds	2
   133                           
   134                           	psect	maintext
   135  03C7                     __pmaintext:	
   136 ;;
   137 ;;Main: autosize = 0, tempsize = 2, incstack = 0, save=0
   138 ;;
   139 ;; *************** function _main *****************
   140 ;; Defined at:
   141 ;;		line 15 in file "A5.c"
   142 ;; Parameters:    Size  Location     Type
   143 ;;		None
   144 ;; Auto vars:     Size  Location     Type
   145 ;;		None
   146 ;; Return value:  Size  Location     Type
   147 ;;                  1    wreg      void 
   148 ;; Registers used:
   149 ;;		wreg, status,2
   150 ;; Tracked objects:
   151 ;;		On entry : B00/0
   152 ;;		On exit  : 0/0
   153 ;;		Unchanged: 0/0
   154 ;; Data sizes:     COMMON   BANK0
   155 ;;      Params:         0       0
   156 ;;      Locals:         0       0
   157 ;;      Temps:          0       2
   158 ;;      Totals:         0       2
   159 ;;Total ram usage:        2 bytes
   160 ;; This function calls:
   161 ;;		Nothing
   162 ;; This function is called by:
   163 ;;		Startup code after reset
   164 ;; This function uses a non-reentrant model
   165 ;;
   166                           
   167                           
   168                           ;psect for function _main
   169  03C7                     _main:	
   170  03C7                     l634:	
   171                           ;incstack = 0
   172                           ; Regs used in _main: [wreg+status,2]
   173                           
   174                           
   175                           ;A5.c: 16:     ANSEL = 0;
   176  03C7  1683               	bsf	3,5	;RP0=1, select bank1
   177  03C8  019F               	clrf	31	;volatile
   178  03C9                     l636:	
   179                           
   180                           ;A5.c: 17:     CMCON = 7;
   181  03C9  3007               	movlw	7
   182  03CA  1283               	bcf	3,5	;RP0=0, select bank0
   183  03CB  0099               	movwf	25	;volatile
   184  03CC                     l638:	
   185                           
   186                           ;A5.c: 19:     TRISIObits.TRISIO0 = 0;
   187  03CC  1683               	bsf	3,5	;RP0=1, select bank1
   188  03CD  1005               	bcf	5,0	;volatile
   189  03CE                     l640:	
   190                           
   191                           ;A5.c: 20:     TRISIObits.TRISIO1 = 0;
   192  03CE  1085               	bcf	5,1	;volatile
   193  03CF                     l642:	
   194                           
   195                           ;A5.c: 24:         GPIObits.GP0 = 1;
   196  03CF  1283               	bcf	3,5	;RP0=0, select bank0
   197  03D0  1405               	bsf	5,0	;volatile
   198  03D1                     l644:	
   199                           
   200                           ;A5.c: 25:         _delay((unsigned long)((10)*(16000000/4000.0)));
   201  03D1  3034               	movlw	52
   202  03D2  00A1               	movwf	??_main+1
   203  03D3  30F1               	movlw	241
   204  03D4  00A0               	movwf	??_main
   205  03D5                     u17:	
   206  03D5  0BA0               	decfsz	??_main,f
   207  03D6  2BD5               	goto	u17
   208  03D7  0BA1               	decfsz	??_main+1,f
   209  03D8  2BD5               	goto	u17
   210  03D9  2BDA               	nop2
   211  03DA                     l646:	
   212                           
   213                           ;A5.c: 26:         GPIObits.GP0 = 0;
   214  03DA  1283               	bcf	3,5	;RP0=0, select bank0
   215  03DB  1005               	bcf	5,0	;volatile
   216  03DC                     l648:	
   217                           
   218                           ;A5.c: 27:         _delay((unsigned long)((10)*(16000000/4000.0)));
   219  03DC  3034               	movlw	52
   220  03DD  00A1               	movwf	??_main+1
   221  03DE  30F1               	movlw	241
   222  03DF  00A0               	movwf	??_main
   223  03E0                     u27:	
   224  03E0  0BA0               	decfsz	??_main,f
   225  03E1  2BE0               	goto	u27
   226  03E2  0BA1               	decfsz	??_main+1,f
   227  03E3  2BE0               	goto	u27
   228  03E4  2BE5               	nop2
   229  03E5                     l650:	
   230                           
   231                           ;A5.c: 29:         GPIObits.GP1 = 1;
   232  03E5  1283               	bcf	3,5	;RP0=0, select bank0
   233  03E6  1485               	bsf	5,1	;volatile
   234  03E7                     l652:	
   235                           
   236                           ;A5.c: 30:         _delay((unsigned long)((1)*(16000000/4000.0)));
   237  03E7  3006               	movlw	6
   238  03E8  00A1               	movwf	??_main+1
   239  03E9  3030               	movlw	48
   240  03EA  00A0               	movwf	??_main
   241  03EB                     u37:	
   242  03EB  0BA0               	decfsz	??_main,f
   243  03EC  2BEB               	goto	u37
   244  03ED  0BA1               	decfsz	??_main+1,f
   245  03EE  2BEB               	goto	u37
   246  03EF  0000               	nop
   247  03F0                     l654:	
   248                           
   249                           ;A5.c: 31:         GPIObits.GP1 = 0;
   250  03F0  1283               	bcf	3,5	;RP0=0, select bank0
   251  03F1  1085               	bcf	5,1	;volatile
   252  03F2                     l656:	
   253                           
   254                           ;A5.c: 32:         _delay((unsigned long)((1)*(16000000/4000.0)));
   255  03F2  3006               	movlw	6
   256  03F3  00A1               	movwf	??_main+1
   257  03F4  3030               	movlw	48
   258  03F5  00A0               	movwf	??_main
   259  03F6                     u47:	
   260  03F6  0BA0               	decfsz	??_main,f
   261  03F7  2BF6               	goto	u47
   262  03F8  0BA1               	decfsz	??_main+1,f
   263  03F9  2BF6               	goto	u47
   264  03FA  0000               	nop
   265  03FB  2BCF               	goto	l642
   266  03FC  2800               	ljmp	start
   267  03FD                     __end_of_main:	
   268  005E                     btemp	set	94	;btemp
   269  005E                     wtemp0	set	94


Data Sizes:
    Strings     0
    Constant    0
    Data        0
    BSS         0
    Persistent  0
    Stack       0

Auto Spaces:
    Space          Size  Autos    Used
    COMMON            0      0       0
    BANK0            62      2       2

Pointer List with Targets:

    None.

Critical Paths under _main in COMMON

    None.

Critical Paths under _main in BANK0

    None.

Call Graph Tables:

 ---------------------------------------------------------------------------------
 (Depth) Function   	        Calls       Base Space   Used Autos Params    Refs
 ---------------------------------------------------------------------------------
 (0) _main                                                 2     2      0       0
                                              0 BANK0      2     2      0
 ---------------------------------------------------------------------------------
 Estimated maximum stack depth 0
 ---------------------------------------------------------------------------------

 Call Graph Graphs:

 _main (ROOT)

 Address spaces:
Name               Size   Autos  Total    Cost      Usage
BITCOMMON            0      0       0       0        0.0%
EEDATA              80      0       0       0        0.0%
NULL                 0      0       0       0        0.0%
CODE                 0      0       0       0        0.0%
BITSFR0              0      0       0       1        0.0%
SFR0                 0      0       0       1        0.0%
COMMON               0      0       0       1        0.0%
BITSFR1              0      0       0       2        0.0%
SFR1                 0      0       0       2        0.0%
STACK                0      0       0       2        0.0%
BITBANK0            3E      0       0       3        0.0%
BANK0               3E      2       2       4        3.2%
ABS                  0      0       0       5        0.0%
DATA                 0      0       0       6        0.0%


Microchip Technology PIC Macro Assembler V2.10 build 88905656 
Symbol Table                                                                                   Thu Dec 12 12:52:36 2019

                     u17 03D5                       u27 03E0                       u37 03EB  
                     u47 03F6                      l640 03CE                      l650 03E5  
                    l642 03CF                      l634 03C7                      l652 03E7  
                    l644 03D1                      l636 03C9                      l654 03F0  
                    l646 03DA                      l638 03CC                      l656 03F2  
                    l648 03DC                     _main 03C7                     btemp 005E  
                   start 0000                    ?_main 0020                    _CMCON 0019  
                  _ANSEL 009F                    status 0003                    wtemp0 005E  
        __initialization 03FD             __end_of_main 03FD                   ??_main 0020  
__end_of__initialization 03FD               __pmaintext 03C7     end_of_initialization 03FD  
    start_initialization 03FD                ___latbits 0000            __pcstackBANK0 0020  
               _GPIObits 0005            __size_of_main 0036               _TRISIObits 0085  
