

Microchip MPLAB XC8 Assembler V2.10 build 88905656 
                                                                                               Thu Dec 12 10:13:36 2019

Microchip MPLAB XC8 C Compiler v2.10 (Free license) build 20190730164152 Og1 
     1                           	processor	16F84A
     2                           	opt	pw 120
     3                           	opt	flic
     4                           	psect	cinit,global,class=CODE,merge=1,delta=2
     5                           	psect	cstackBANK0,global,class=BANK0,space=1,delta=1
     6                           	psect	maintext,global,class=CODE,split=1,delta=2
     7                           	dabs	1,0x4E,2
     8  0000                     
     9                           ; Version 2.10
    10                           ; Generated 31/07/2019 GMT
    11                           ; 
    12                           ; Copyright © 2019, Microchip Technology Inc. and its subsidiaries ("Microchip")
    13                           ; All rights reserved.
    14                           ; 
    15                           ; This software is developed by Microchip Technology Inc. and its subsidiaries ("Microch
      +                          ip").
    16                           ; 
    17                           ; Redistribution and use in source and binary forms, with or without modification, are
    18                           ; permitted provided that the following conditions are met:
    19                           ; 
    20                           ;     1. Redistributions of source code must retain the above copyright notice, this lis
      +                          t of
    21                           ;        conditions and the following disclaimer.
    22                           ; 
    23                           ;     2. Redistributions in binary form must reproduce the above copyright notice, this 
      +                          list
    24                           ;        of conditions and the following disclaimer in the documentation and/or other
    25                           ;        materials provided with the distribution.
    26                           ; 
    27                           ;     3. Microchip's name may not be used to endorse or promote products derived from th
      +                          is
    28                           ;        software without specific prior written permission.
    29                           ; 
    30                           ; THIS SOFTWARE IS PROVIDED BY MICROCHIP "AS IS" AND ANY EXPRESS OR IMPLIED WARRANTIES,
    31                           ; INCLUDING, BUT NOT LIMITED TO, THE IMPLIED WARRANTIES OF MERCHANTABILITY AND FITNESS F
      +                          OR
    32                           ; PURPOSE ARE DISCLAIMED.  IN NO EVENT SHALL MICROCHIP BE LIABLE FOR ANY DIRECT, INDIREC
      +                          T,
    33                           ; INCIDENTAL, SPECIAL, EXEMPLARY, OR CONSEQUENTIAL DAMAGES (INCLUDING BUT NOT LIMITED TO
    34                           ; PROCUREMENT OF SUBSTITUTE GOODS OR SERVICES; LOSS OF USE, DATA OR PROFITS; OR BUSINESS
    35                           ; INTERRUPTION) HOWSOEVER CAUSED AND ON ANY THEORY OF LIABILITY, WHETHER IN CONTRACT, ST
      +                          RICT
    36                           ; LIABILITY, OR TORT (INCLUDING NEGLIGENCE OR OTHERWISE) ARISING IN ANY WAY OUT OF THE U
      +                          SE OF
    37                           ; THIS SOFTWARE, EVEN IF ADVISED OF THE POSSIBILITY OF SUCH DAMAGE.
    38                           ; 
    39                           ; 
    40                           ; Code-generator required, PIC16F84A Definitions
    41                           ; 
    42                           ; SFR Addresses
    43  0000                     	;# 
    44  0001                     	;# 
    45  0002                     	;# 
    46  0003                     	;# 
    47  0004                     	;# 
    48  0005                     	;# 
    49  0006                     	;# 
    50  0008                     	;# 
    51  0009                     	;# 
    52  000A                     	;# 
    53  000B                     	;# 
    54  0081                     	;# 
    55  0085                     	;# 
    56  0086                     	;# 
    57  0088                     	;# 
    58  0089                     	;# 
    59  0000                     	;# 
    60  0001                     	;# 
    61  0002                     	;# 
    62  0003                     	;# 
    63  0004                     	;# 
    64  0005                     	;# 
    65  0006                     	;# 
    66  0008                     	;# 
    67  0009                     	;# 
    68  000A                     	;# 
    69  000B                     	;# 
    70  0081                     	;# 
    71  0085                     	;# 
    72  0086                     	;# 
    73  0088                     	;# 
    74  0089                     	;# 
    75  0006                     _PORTB	set	6
    76  0086                     _TRISB	set	134
    77                           
    78                           	psect	cinit
    79  03FE                     start_initialization:	
    80                           ; #config settings
    81                           
    82  03FE                     __initialization:	
    83  03FE                     end_of_initialization:	
    84                           ;End of C runtime variable initialization code
    85                           
    86  03FE                     __end_of__initialization:	
    87  03FE  0183               	clrf	3
    88  03FF  2BE7               	ljmp	_main	;jump to C main() function
    89                           
    90                           	psect	cstackBANK0
    91  000C                     __pcstackBANK0:	
    92  000C                     ?_main:	
    93  000C                     ??_main:	
    94                           ; 1 bytes @ 0x0
    95                           
    96                           
    97                           ; 1 bytes @ 0x0
    98  000C                     	ds	3
    99                           
   100                           	psect	maintext
   101  03E7                     __pmaintext:	
   102 ;;
   103 ;;Main: autosize = 0, tempsize = 3, incstack = 0, save=0
   104 ;;
   105 ;; *************** function _main *****************
   106 ;; Defined at:
   107 ;;		line 13 in file "Main.c"
   108 ;; Parameters:    Size  Location     Type
   109 ;;		None
   110 ;; Auto vars:     Size  Location     Type
   111 ;;		None
   112 ;; Return value:  Size  Location     Type
   113 ;;                  1    wreg      void 
   114 ;; Registers used:
   115 ;;		wreg, status,2, status,0
   116 ;; Tracked objects:
   117 ;;		On entry : B00/0
   118 ;;		On exit  : 0/0
   119 ;;		Unchanged: 0/0
   120 ;; Data sizes:     COMMON   BANK0
   121 ;;      Params:         0       0
   122 ;;      Locals:         0       0
   123 ;;      Temps:          0       3
   124 ;;      Totals:         0       3
   125 ;;Total ram usage:        3 bytes
   126 ;; This function calls:
   127 ;;		Nothing
   128 ;; This function is called by:
   129 ;;		Startup code after reset
   130 ;; This function uses a non-reentrant model
   131 ;;
   132                           
   133                           
   134                           ;psect for function _main
   135  03E7                     _main:	
   136  03E7                     l612:	
   137                           ;incstack = 0
   138                           ; Regs used in _main: [wreg+status,2+status,0]
   139                           
   140                           
   141                           ;Main.c: 15:     TRISB = 0b00000000;
   142  03E7  1683               	bsf	3,5	;RP0=1, select bank1
   143  03E8  0186               	clrf	6	;volatile
   144                           
   145                           ;Main.c: 16:     PORTB = 0b00000000;
   146  03E9  1283               	bcf	3,5	;RP0=0, select bank0
   147  03EA  0186               	clrf	6	;volatile
   148  03EB                     l614:	
   149                           
   150                           ;Main.c: 19:         PORTB++;
   151  03EB  3001               	movlw	1
   152  03EC  1283               	bcf	3,5	;RP0=0, select bank0
   153  03ED  008C               	movwf	??_main
   154  03EE  080C               	movf	??_main,w
   155  03EF  0786               	addwf	6,f	;volatile
   156  03F0                     l616:	
   157                           
   158                           ;Main.c: 20:         _delay((unsigned long)((200)*(8000000/4000.0)));
   159  03F0  3003               	movlw	3
   160  03F1  008E               	movwf	??_main+2
   161  03F2  3008               	movlw	8
   162  03F3  008D               	movwf	??_main+1
   163  03F4  3077               	movlw	119
   164  03F5  008C               	movwf	??_main
   165  03F6                     u17:	
   166  03F6  0B8C               	decfsz	??_main,f
   167  03F7  2BF6               	goto	u17
   168  03F8  0B8D               	decfsz	??_main+1,f
   169  03F9  2BF6               	goto	u17
   170  03FA  0B8E               	decfsz	??_main+2,f
   171  03FB  2BF6               	goto	u17
   172  03FC  2BEB               	goto	l614
   173  03FD  2800               	ljmp	start
   174  03FE                     __end_of_main:	
   175  004E                     btemp	set	78	;btemp
   176  004E                     wtemp0	set	78


Data Sizes:
    Strings     0
    Constant    0
    Data        0
    BSS         0
    Persistent  0
    Stack       0

Auto Spaces:
    Space          Size  Autos    Used
    COMMON            0      0       0
    BANK0            66      3       3

Pointer List with Targets:

    None.

Critical Paths under _main in COMMON

    None.

Critical Paths under _main in BANK0

    None.

Call Graph Tables:

 ---------------------------------------------------------------------------------
 (Depth) Function   	        Calls       Base Space   Used Autos Params    Refs
 ---------------------------------------------------------------------------------
 (0) _main                                                 3     3      0       0
                                              0 BANK0      3     3      0
 ---------------------------------------------------------------------------------
 Estimated maximum stack depth 0
 ---------------------------------------------------------------------------------

 Call Graph Graphs:

 _main (ROOT)

 Address spaces:
Name               Size   Autos  Total    Cost      Usage
BITCOMMON            0      0       0       0        0.0%
EEDATA              40      0       0       0        0.0%
NULL                 0      0       0       0        0.0%
CODE                 0      0       0       0        0.0%
BITSFR0              0      0       0       1        0.0%
SFR0                 0      0       0       1        0.0%
COMMON               0      0       0       1        0.0%
BITSFR1              0      0       0       2        0.0%
SFR1                 0      0       0       2        0.0%
STACK                0      0       0       2        0.0%
BANK0               42      3       3       3        4.5%
ABS                  0      0       0       4        0.0%
BITBANK0            42      0       0       5        0.0%
DATA                 0      0       0       6        0.0%


Microchip Technology PIC Macro Assembler V2.10 build 88905656 
Symbol Table                                                                                   Thu Dec 12 10:13:36 2019

                     u17 03F6                      l612 03E7                      l614 03EB  
                    l616 03F0                     _main 03E7                     btemp 004E  
                   start 0000                    ?_main 000C                    _PORTB 0006  
                  _TRISB 0086                    status 0003                    wtemp0 004E  
        __initialization 03FE             __end_of_main 03FE                   ??_main 000C  
__end_of__initialization 03FE               __pmaintext 03E7     end_of_initialization 03FE  
    start_initialization 03FE                ___latbits 0000            __pcstackBANK0 000C  
          __size_of_main 0017  
