

Microchip MPLAB XC8 Assembler V2.10 build 88905656 
                                                                                               Fri Dec 13 09:27:03 2019

Microchip MPLAB XC8 C Compiler v2.10 (Free license) build 20190730164152 Og1 
     1                           	processor	16F628A
     2                           	opt	pw 120
     3                           	opt	flic
     4                           	psect	cinit,global,class=CODE,merge=1,delta=2
     5                           	psect	cstackCOMMON,global,class=COMMON,space=1,delta=1
     6                           	psect	maintext,global,class=CODE,split=1,delta=2
     7                           	dabs	1,0x7E,2
     8  0000                     
     9                           ; Version 2.10
    10                           ; Generated 31/07/2019 GMT
    11                           ; 
    12                           ; Copyright © 2019, Microchip Technology Inc. and its subsidiaries ("Microchip")
    13                           ; All rights reserved.
    14                           ; 
    15                           ; This software is developed by Microchip Technology Inc. and its subsidiaries ("Microch
      +                          ip").
    16                           ; 
    17                           ; Redistribution and use in source and binary forms, with or without modification, are
    18                           ; permitted provided that the following conditions are met:
    19                           ; 
    20                           ;     1. Redistributions of source code must retain the above copyright notice, this lis
      +                          t of
    21                           ;        conditions and the following disclaimer.
    22                           ; 
    23                           ;     2. Redistributions in binary form must reproduce the above copyright notice, this 
      +                          list
    24                           ;        of conditions and the following disclaimer in the documentation and/or other
    25                           ;        materials provided with the distribution.
    26                           ; 
    27                           ;     3. Microchip's name may not be used to endorse or promote products derived from th
      +                          is
    28                           ;        software without specific prior written permission.
    29                           ; 
    30                           ; THIS SOFTWARE IS PROVIDED BY MICROCHIP "AS IS" AND ANY EXPRESS OR IMPLIED WARRANTIES,
    31                           ; INCLUDING, BUT NOT LIMITED TO, THE IMPLIED WARRANTIES OF MERCHANTABILITY AND FITNESS F
      +                          OR
    32                           ; PURPOSE ARE DISCLAIMED.  IN NO EVENT SHALL MICROCHIP BE LIABLE FOR ANY DIRECT, INDIREC
      +                          T,
    33                           ; INCIDENTAL, SPECIAL, EXEMPLARY, OR CONSEQUENTIAL DAMAGES (INCLUDING BUT NOT LIMITED TO
    34                           ; PROCUREMENT OF SUBSTITUTE GOODS OR SERVICES; LOSS OF USE, DATA OR PROFITS; OR BUSINESS
    35                           ; INTERRUPTION) HOWSOEVER CAUSED AND ON ANY THEORY OF LIABILITY, WHETHER IN CONTRACT, ST
      +                          RICT
    36                           ; LIABILITY, OR TORT (INCLUDING NEGLIGENCE OR OTHERWISE) ARISING IN ANY WAY OUT OF THE U
      +                          SE OF
    37                           ; THIS SOFTWARE, EVEN IF ADVISED OF THE POSSIBILITY OF SUCH DAMAGE.
    38                           ; 
    39                           ; 
    40                           ; Code-generator required, PIC16F628A Definitions
    41                           ; 
    42                           ; SFR Addresses
    43  0000                     	;# 
    44  0001                     	;# 
    45  0002                     	;# 
    46  0003                     	;# 
    47  0004                     	;# 
    48  0005                     	;# 
    49  0006                     	;# 
    50  000A                     	;# 
    51  000B                     	;# 
    52  000C                     	;# 
    53  000E                     	;# 
    54  000E                     	;# 
    55  000F                     	;# 
    56  0010                     	;# 
    57  0011                     	;# 
    58  0012                     	;# 
    59  0015                     	;# 
    60  0015                     	;# 
    61  0016                     	;# 
    62  0017                     	;# 
    63  0018                     	;# 
    64  0019                     	;# 
    65  001A                     	;# 
    66  001F                     	;# 
    67  0081                     	;# 
    68  0085                     	;# 
    69  0086                     	;# 
    70  008C                     	;# 
    71  008E                     	;# 
    72  0092                     	;# 
    73  0098                     	;# 
    74  0099                     	;# 
    75  009A                     	;# 
    76  009B                     	;# 
    77  009C                     	;# 
    78  009D                     	;# 
    79  009F                     	;# 
    80  0000                     	;# 
    81  0001                     	;# 
    82  0002                     	;# 
    83  0003                     	;# 
    84  0004                     	;# 
    85  0005                     	;# 
    86  0006                     	;# 
    87  000A                     	;# 
    88  000B                     	;# 
    89  000C                     	;# 
    90  000E                     	;# 
    91  000E                     	;# 
    92  000F                     	;# 
    93  0010                     	;# 
    94  0011                     	;# 
    95  0012                     	;# 
    96  0015                     	;# 
    97  0015                     	;# 
    98  0016                     	;# 
    99  0017                     	;# 
   100  0018                     	;# 
   101  0019                     	;# 
   102  001A                     	;# 
   103  001F                     	;# 
   104  0081                     	;# 
   105  0085                     	;# 
   106  0086                     	;# 
   107  008C                     	;# 
   108  008E                     	;# 
   109  0092                     	;# 
   110  0098                     	;# 
   111  0099                     	;# 
   112  009A                     	;# 
   113  009B                     	;# 
   114  009C                     	;# 
   115  009D                     	;# 
   116  009F                     	;# 
   117  0005                     _PORTAbits	set	5
   118  0005                     _PORTA	set	5
   119  001F                     _CMCON	set	31
   120  0085                     _TRISA	set	133
   121                           
   122                           ; #config settings
   123  0000                     
   124                           	psect	cinit
   125  07FE                     start_initialization:	
   126  07FE                     __initialization:	
   127  07FE                     end_of_initialization:	
   128                           ;End of C runtime variable initialization code
   129                           
   130  07FE                     __end_of__initialization:	
   131  07FE  0183               	clrf	3
   132  07FF  2FA3               	ljmp	_main	;jump to C main() function
   133                           
   134                           	psect	cstackCOMMON
   135  0070                     __pcstackCOMMON:	
   136  0070                     ?_main:	
   137  0070                     ??_main:	
   138                           ; 1 bytes @ 0x0
   139                           
   140                           
   141                           ; 1 bytes @ 0x0
   142  0070                     	ds	3
   143                           
   144                           	psect	maintext
   145  07A3                     __pmaintext:	
   146 ;;
   147 ;;Main: autosize = 0, tempsize = 3, incstack = 0, save=0
   148 ;;
   149 ;; *************** function _main *****************
   150 ;; Defined at:
   151 ;;		line 30 in file "A8.c"
   152 ;; Parameters:    Size  Location     Type
   153 ;;		None
   154 ;; Auto vars:     Size  Location     Type
   155 ;;		None
   156 ;; Return value:  Size  Location     Type
   157 ;;                  1    wreg      void 
   158 ;; Registers used:
   159 ;;		wreg
   160 ;; Tracked objects:
   161 ;;		On entry : B00/0
   162 ;;		On exit  : 0/0
   163 ;;		Unchanged: 0/0
   164 ;; Data sizes:     COMMON   BANK0   BANK1   BANK2
   165 ;;      Params:         0       0       0       0
   166 ;;      Locals:         0       0       0       0
   167 ;;      Temps:          3       0       0       0
   168 ;;      Totals:         3       0       0       0
   169 ;;Total ram usage:        3 bytes
   170 ;; This function calls:
   171 ;;		Nothing
   172 ;; This function is called by:
   173 ;;		Startup code after reset
   174 ;; This function uses a non-reentrant model
   175 ;;
   176                           
   177                           
   178                           ;psect for function _main
   179  07A3                     _main:	
   180  07A3                     l618:	
   181                           ;incstack = 0
   182                           ; Regs used in _main: [wreg]
   183                           
   184  07A3  3007               	movlw	7
   185  07A4  1283               	bcf	3,5	;RP0=0, select bank0
   186  07A5  1303               	bcf	3,6	;RP1=0, select bank0
   187  07A6  009F               	movwf	31	;volatile
   188  07A7  3003               	movlw	3
   189  07A8  1683               	bsf	3,5	;RP0=1, select bank1
   190  07A9  1303               	bcf	3,6	;RP1=0, select bank1
   191  07AA  0085               	movwf	5	;volatile
   192  07AB  3003               	movlw	3
   193  07AC  1283               	bcf	3,5	;RP0=0, select bank0
   194  07AD  1303               	bcf	3,6	;RP1=0, select bank0
   195  07AE  0085               	movwf	5	;volatile
   196  07AF                     l620:	
   197  07AF  1805               	btfsc	5,0	;volatile
   198  07B0  2FB2               	goto	u11
   199  07B1  2FB3               	goto	u10
   200  07B2                     u11:	
   201  07B2  2FD6               	goto	l16
   202  07B3                     u10:	
   203  07B3                     l17:	
   204  07B3  1283               	bcf	3,5	;RP0=0, select bank0
   205  07B4  1303               	bcf	3,6	;RP1=0, select bank0
   206  07B5  1505               	bsf	5,2	;volatile
   207  07B6  1185               	bcf	5,3	;volatile
   208  07B7                     l622:	
   209  07B7  3003               	movlw	3
   210  07B8  00F2               	movwf	??_main+2
   211  07B9  308A               	movlw	138
   212  07BA  00F1               	movwf	??_main+1
   213  07BB  3055               	movlw	85
   214  07BC  00F0               	movwf	??_main
   215  07BD                     u37:	
   216  07BD  0BF0               	decfsz	??_main,f
   217  07BE  2FBD               	goto	u37
   218  07BF  0BF1               	decfsz	??_main+1,f
   219  07C0  2FBD               	goto	u37
   220  07C1  0BF2               	decfsz	??_main+2,f
   221  07C2  2FBD               	goto	u37
   222  07C3  2FC4               	nop2
   223  07C4                     l624:	
   224  07C4  1283               	bcf	3,5	;RP0=0, select bank0
   225  07C5  1303               	bcf	3,6	;RP1=0, select bank0
   226  07C6  1105               	bcf	5,2	;volatile
   227  07C7                     l626:	
   228  07C7  1585               	bsf	5,3	;volatile
   229  07C8  3003               	movlw	3
   230  07C9  00F2               	movwf	??_main+2
   231  07CA  308A               	movlw	138
   232  07CB  00F1               	movwf	??_main+1
   233  07CC  3055               	movlw	85
   234  07CD  00F0               	movwf	??_main
   235  07CE                     u47:	
   236  07CE  0BF0               	decfsz	??_main,f
   237  07CF  2FCE               	goto	u47
   238  07D0  0BF1               	decfsz	??_main+1,f
   239  07D1  2FCE               	goto	u47
   240  07D2  0BF2               	decfsz	??_main+2,f
   241  07D3  2FCE               	goto	u47
   242  07D4  2FD5               	nop2
   243  07D5  2FB3               	goto	l17
   244  07D6                     l16:	
   245  07D6  1885               	btfsc	5,1	;volatile
   246  07D7  2FD9               	goto	u21
   247  07D8  2FDA               	goto	u20
   248  07D9                     u21:	
   249  07D9  2FAF               	goto	l620
   250  07DA                     u20:	
   251  07DA                     l21:	
   252  07DA  1283               	bcf	3,5	;RP0=0, select bank0
   253  07DB  1303               	bcf	3,6	;RP1=0, select bank0
   254  07DC  1505               	bsf	5,2	;volatile
   255  07DD  1585               	bsf	5,3	;volatile
   256  07DE                     l628:	
   257  07DE  3003               	movlw	3
   258  07DF  00F2               	movwf	??_main+2
   259  07E0  308A               	movlw	138
   260  07E1  00F1               	movwf	??_main+1
   261  07E2  3055               	movlw	85
   262  07E3  00F0               	movwf	??_main
   263  07E4                     u57:	
   264  07E4  0BF0               	decfsz	??_main,f
   265  07E5  2FE4               	goto	u57
   266  07E6  0BF1               	decfsz	??_main+1,f
   267  07E7  2FE4               	goto	u57
   268  07E8  0BF2               	decfsz	??_main+2,f
   269  07E9  2FE4               	goto	u57
   270  07EA  2FEB               	nop2
   271  07EB                     l630:	
   272  07EB  1283               	bcf	3,5	;RP0=0, select bank0
   273  07EC  1303               	bcf	3,6	;RP1=0, select bank0
   274  07ED  1105               	bcf	5,2	;volatile
   275  07EE                     l632:	
   276  07EE  1185               	bcf	5,3	;volatile
   277  07EF  3003               	movlw	3
   278  07F0  00F2               	movwf	??_main+2
   279  07F1  308A               	movlw	138
   280  07F2  00F1               	movwf	??_main+1
   281  07F3  3055               	movlw	85
   282  07F4  00F0               	movwf	??_main
   283  07F5                     u67:	
   284  07F5  0BF0               	decfsz	??_main,f
   285  07F6  2FF5               	goto	u67
   286  07F7  0BF1               	decfsz	??_main+1,f
   287  07F8  2FF5               	goto	u67
   288  07F9  0BF2               	decfsz	??_main+2,f
   289  07FA  2FF5               	goto	u67
   290  07FB  2FFC               	nop2
   291  07FC  2FDA               	goto	l21
   292  07FD  2800               	ljmp	start
   293  07FE                     __end_of_main:	
   294  007E                     btemp	set	126	;btemp
   295  007E                     wtemp0	set	126


Data Sizes:
    Strings     0
    Constant    0
    Data        0
    BSS         0
    Persistent  0
    Stack       0

Auto Spaces:
    Space          Size  Autos    Used
    COMMON           14      3       3
    BANK0            80      0       0
    BANK1            80      0       0
    BANK2            48      0       0

Pointer List with Targets:

    None.

Critical Paths under _main in COMMON

    None.

Critical Paths under _main in BANK0

    None.

Critical Paths under _main in BANK1

    None.

Critical Paths under _main in BANK2

    None.

Call Graph Tables:

 ---------------------------------------------------------------------------------
 (Depth) Function   	        Calls       Base Space   Used Autos Params    Refs
 ---------------------------------------------------------------------------------
 (0) _main                                                 3     3      0       0
                                              0 COMMON     3     3      0
 ---------------------------------------------------------------------------------
 Estimated maximum stack depth 0
 ---------------------------------------------------------------------------------

 Call Graph Graphs:

 _main (ROOT)

 Address spaces:
Name               Size   Autos  Total    Cost      Usage
BITCOMMON            E      0       0       0        0.0%
EEDATA              80      0       0       0        0.0%
NULL                 0      0       0       0        0.0%
CODE                 0      0       0       0        0.0%
COMMON               E      3       3       1       21.4%
BITSFR0              0      0       0       1        0.0%
SFR0                 0      0       0       1        0.0%
BITSFR1              0      0       0       2        0.0%
SFR1                 0      0       0       2        0.0%
STACK                0      0       0       2        0.0%
BANK0               50      0       0       3        0.0%
BITSFR3              0      0       0       4        0.0%
SFR3                 0      0       0       4        0.0%
ABS                  0      0       0       4        0.0%
BITBANK0            50      0       0       5        0.0%
BITSFR2              0      0       0       5        0.0%
SFR2                 0      0       0       5        0.0%
BITBANK1            50      0       0       6        0.0%
BANK1               50      0       0       7        0.0%
BITBANK2            30      0       0       8        0.0%
BANK2               30      0       0       9        0.0%
DATA                 0      0       0      10        0.0%


Microchip Technology PIC Macro Assembler V2.10 build 88905656 
Symbol Table                                                                                   Fri Dec 13 09:27:03 2019

            __CFG_CP$OFF 0000                       l21 07DA                       l16 07D6  
                     l17 07B3                       u10 07B3                       u11 07B2  
                     u20 07DA                       u21 07D9                       u37 07BD  
                     u47 07CE                       u57 07E4                       u67 07F5  
            __CFG_LVP$ON 0000                      l620 07AF                      l630 07EB  
                    l622 07B7                      l632 07EE                      l624 07C4  
                    l626 07C7                      l618 07A3                      l628 07DE  
           __CFG_CPD$OFF 0000                     _main 07A3                     btemp 007E  
          __CFG_BOREN$ON 0000                     start 0000            __CFG_MCLRE$ON 0000  
                  ?_main 0070            __CFG_WDTE$OFF 0000                    _CMCON 001F  
                  _PORTA 0005                    _TRISA 0085                    status 0003  
                  wtemp0 007E          __initialization 07FE             __end_of_main 07FE  
                 ??_main 0070           __CFG_PWRTE$OFF 0000  __end_of__initialization 07FE  
         __pcstackCOMMON 0070               __pmaintext 07A3     end_of_initialization 07FE  
              _PORTAbits 0005      start_initialization 07FE                ___latbits 0000  
          __size_of_main 005B       __CFG_FOSC$INTOSCIO 0000  
